<!DOCTYPE html>

<html>
  <head>
  <meta charset='utf-8'>
  <title>TestNG reports</title>

    <link type="text/css" href="testng-reports.css" rel="stylesheet" />
    <script type="text/javascript" src="jquery-1.7.1.min.js"></script>
    <script type="text/javascript" src="testng-reports.js"></script>
    <script type="text/javascript" src="https://www.google.com/jsapi"></script>
    <script type='text/javascript'>
      google.load('visualization', '1', {packages:['table']});
      google.setOnLoadCallback(drawTable);
      var suiteTableInitFunctions = new Array();
      var suiteTableData = new Array();
    </script>
    <!--
      <script type="text/javascript" src="jquery-ui/js/jquery-ui-1.8.16.custom.min.js"></script>
     -->
  </head>

  <body>
    <div class="top-banner-root">
      <span class="top-banner-title-font">Test results</span>
      <br/>
      <span class="top-banner-font-1">1 suite, 4 failed tests</span>
    </div> <!-- top-banner-root -->
    <div class="navigator-root">
      <div class="navigator-suite-header">
        <span>All suites</span>
        <a href="#" class="collapse-all-link" title="Collapse/expand all the suites">
          <img class="collapse-all-icon" src="collapseall.gif">
          </img> <!-- collapse-all-icon -->
        </a> <!-- collapse-all-link -->
      </div> <!-- navigator-suite-header -->
      <div class="suite">
        <div class="rounded-window">
          <div class="suite-header light-rounded-window-top">
            <a href="#" class="navigator-link" panel-name="suite-CRMPROWebAppAutomationSuite">
              <span class="suite-name border-failed">CRMPROWebAppAutomationSuite</span>
            </a> <!-- navigator-link -->
          </div> <!-- suite-header light-rounded-window-top -->
          <div class="navigator-suite-content">
            <div class="suite-section-title">
              <span>Info</span>
            </div> <!-- suite-section-title -->
            <div class="suite-section-content">
              <ul>
                <li>
                  <a href="#" class="navigator-link " panel-name="test-xml-CRMPROWebAppAutomationSuite">
                    <span>C:\Users\inrahmed\git\LatestCRMPROTestAutomation\testng.xml</span>
                  </a> <!-- navigator-link  -->
                </li>
                <li>
                  <a href="#" class="navigator-link " panel-name="testlist-CRMPROWebAppAutomationSuite">
                    <span class="test-stats">1 test</span>
                  </a> <!-- navigator-link  -->
                </li>
                <li>
                  <a href="#" class="navigator-link " panel-name="group-CRMPROWebAppAutomationSuite">
                    <span>0 groups</span>
                  </a> <!-- navigator-link  -->
                </li>
                <li>
                  <a href="#" class="navigator-link " panel-name="times-CRMPROWebAppAutomationSuite">
                    <span>Times</span>
                  </a> <!-- navigator-link  -->
                </li>
                <li>
                  <a href="#" class="navigator-link " panel-name="reporter-CRMPROWebAppAutomationSuite">
                    <span>Reporter output</span>
                  </a> <!-- navigator-link  -->
                </li>
                <li>
                  <a href="#" class="navigator-link " panel-name="ignored-methods-CRMPROWebAppAutomationSuite">
                    <span>Ignored methods</span>
                  </a> <!-- navigator-link  -->
                </li>
                <li>
                  <a href="#" class="navigator-link " panel-name="chronological-CRMPROWebAppAutomationSuite">
                    <span>Chronological view</span>
                  </a> <!-- navigator-link  -->
                </li>
              </ul>
            </div> <!-- suite-section-content -->
            <div class="result-section">
              <div class="suite-section-title">
                <span>Results</span>
              </div> <!-- suite-section-title -->
              <div class="suite-section-content">
                <ul>
                  <li>
                    <span class="method-stats">7 methods, 4 failed,  2 skipped,  1 passed</span>
                  </li>
                  <li>
                    <span class="method-list-title failed">Failed methods</span>
                    <span class="show-or-hide-methods failed">
                      <a href="#" panel-name="suite-CRMPROWebAppAutomationSuite" class="hide-methods failed suite-CRMPROWebAppAutomationSuite"> (hide)</a> <!-- hide-methods failed suite-CRMPROWebAppAutomationSuite -->
                      <a href="#" panel-name="suite-CRMPROWebAppAutomationSuite" class="show-methods failed suite-CRMPROWebAppAutomationSuite"> (show)</a> <!-- show-methods failed suite-CRMPROWebAppAutomationSuite -->
                    </span>
                    <div class="method-list-content failed suite-CRMPROWebAppAutomationSuite">
                      <span>
                        <img width="3%" src="failed.png"/>
                        <a href="#" class="method navigator-link" panel-name="suite-CRMPROWebAppAutomationSuite" title="com.qa.crm.tests.CompanyInfoAndProfilePageTest" hash-for-method="validateRegisterNewUserWithFreeEditionTest(Kate, William, kate.william@yahoo.com, kate.william@yahoo.com, kate123, kate123)">validateRegisterNewUserWithFreeEditionTest(Kate, William, kate.william@yahoo.com, kate.william@yahoo.com, kate123, kate123)</a> <!-- method navigator-link -->
                      </span>
                      <br/>
                      <span>
                        <img width="3%" src="failed.png"/>
                        <a href="#" class="method navigator-link" panel-name="suite-CRMPROWebAppAutomationSuite" title="com.qa.crm.tests.CompanyInfoAndProfilePageTest" hash-for-method="validateRegisterValidCompanyDetailsWithFreeEditionTest(Trade Co., 9.84509845E9, 1.3235551234E10, http://www.tradeco.com, trade@tradeco.com, Trading company...)">validateRegisterValidCompanyDetailsWithFreeEditionTest(Trade Co., 9.84509845E9, 1.3235551234E10, http://www.tradeco.com, trade@tradeco.com, Trading company...)</a> <!-- method navigator-link -->
                      </span>
                      <br/>
                      <span>
                        <img width="3%" src="failed.png"/>
                        <a href="#" class="method navigator-link" panel-name="suite-CRMPROWebAppAutomationSuite" title="com.qa.crm.tests.CompanyInfoAndProfilePageTest" hash-for-method="validateRegisterValidCompanyDetailsWithFreeEditionTest(Trade Co., 9.845198451E9, 1.3235551234E10, http://www.tradeco.com, trade@tradeco.com, Trading compan...)">validateRegisterValidCompanyDetailsWithFreeEditionTest(Trade Co., 9.845198451E9, 1.3235551234E10, http://www.tradeco.com, trade@tradeco.com, Trading compan...)</a> <!-- method navigator-link -->
                      </span>
                      <br/>
                      <span>
                        <img width="3%" src="failed.png"/>
                        <a href="#" class="method navigator-link" panel-name="suite-CRMPROWebAppAutomationSuite" title="com.qa.crm.tests.CompanyInfoAndProfilePageTest" hash-for-method="validateRegisterValidCompanyDetailsWithFreeEditionTest(Trade Co., 9.845198451E9, 1.3235551234E10, http://www.tradeco.com, trade@tradeco.com, Trading compan...)">validateRegisterValidCompanyDetailsWithFreeEditionTest(Trade Co., 9.845198451E9, 1.3235551234E10, http://www.tradeco.com, trade@tradeco.com, Trading compan...)</a> <!-- method navigator-link -->
                      </span>
                      <br/>
                    </div> <!-- method-list-content failed suite-CRMPROWebAppAutomationSuite -->
                  </li>
                  <li>
                    <span class="method-list-title skipped">Skipped methods</span>
                    <span class="show-or-hide-methods skipped">
                      <a href="#" panel-name="suite-CRMPROWebAppAutomationSuite" class="hide-methods skipped suite-CRMPROWebAppAutomationSuite"> (hide)</a> <!-- hide-methods skipped suite-CRMPROWebAppAutomationSuite -->
                      <a href="#" panel-name="suite-CRMPROWebAppAutomationSuite" class="show-methods skipped suite-CRMPROWebAppAutomationSuite"> (show)</a> <!-- show-methods skipped suite-CRMPROWebAppAutomationSuite -->
                    </span>
                    <div class="method-list-content skipped suite-CRMPROWebAppAutomationSuite">
                      <span>
                        <img width="3%" src="skipped.png"/>
                        <a href="#" class="method navigator-link" panel-name="suite-CRMPROWebAppAutomationSuite" title="com.qa.crm.tests.CompanyInfoAndProfilePageTest" hash-for-method="validateRegisterNewUserWithFreeEditionTest(Kate, William, kate.william@yahoo.com, kate.william@yahoo.com, kate123, kate123)">validateRegisterNewUserWithFreeEditionTest(Kate, William, kate.william@yahoo.com, kate.william@yahoo.com, kate123, kate123)</a> <!-- method navigator-link -->
                      </span>
                      <br/>
                      <span>
                        <img width="3%" src="skipped.png"/>
                        <a href="#" class="method navigator-link" panel-name="suite-CRMPROWebAppAutomationSuite" title="com.qa.crm.tests.CompanyInfoAndProfilePageTest" hash-for-method="validateRegisterValidCompanyDetailsWithFreeEditionTest(Trade Co., 9.84509845E9, 1.3235551234E10, http://www.tradeco.com, trade@tradeco.com, Trading company...)">validateRegisterValidCompanyDetailsWithFreeEditionTest(Trade Co., 9.84509845E9, 1.3235551234E10, http://www.tradeco.com, trade@tradeco.com, Trading company...)</a> <!-- method navigator-link -->
                      </span>
                      <br/>
                    </div> <!-- method-list-content skipped suite-CRMPROWebAppAutomationSuite -->
                  </li>
                  <li>
                    <span class="method-list-title passed">Passed methods</span>
                    <span class="show-or-hide-methods passed">
                      <a href="#" panel-name="suite-CRMPROWebAppAutomationSuite" class="hide-methods passed suite-CRMPROWebAppAutomationSuite"> (hide)</a> <!-- hide-methods passed suite-CRMPROWebAppAutomationSuite -->
                      <a href="#" panel-name="suite-CRMPROWebAppAutomationSuite" class="show-methods passed suite-CRMPROWebAppAutomationSuite"> (show)</a> <!-- show-methods passed suite-CRMPROWebAppAutomationSuite -->
                    </span>
                    <div class="method-list-content passed suite-CRMPROWebAppAutomationSuite">
                      <span>
                        <img width="3%" src="passed.png"/>
                        <a href="#" class="method navigator-link" panel-name="suite-CRMPROWebAppAutomationSuite" title="com.qa.crm.tests.CompanyInfoAndProfilePageTest" hash-for-method="validateRegisterNewUserWithFreeEditionTest(Lindsey, Lohan, lindsey.lohan@gmail.com, lindsey.lohan@gmail.com, lindsey123, lindsey123)">validateRegisterNewUserWithFreeEditionTest(Lindsey, Lohan, lindsey.lohan@gmail.com, lindsey.lohan@gmail.com, lindsey123, lindsey123)</a> <!-- method navigator-link -->
                      </span>
                      <br/>
                    </div> <!-- method-list-content passed suite-CRMPROWebAppAutomationSuite -->
                  </li>
                </ul>
              </div> <!-- suite-section-content -->
            </div> <!-- result-section -->
          </div> <!-- navigator-suite-content -->
        </div> <!-- rounded-window -->
      </div> <!-- suite -->
    </div> <!-- navigator-root -->
    <div class="wrapper">
      <div class="main-panel-root">
        <div panel-name="suite-CRMPROWebAppAutomationSuite" class="panel CRMPROWebAppAutomationSuite">
          <div class="suite-CRMPROWebAppAutomationSuite-class-failed">
            <div class="main-panel-header rounded-window-top">
              <img src="failed.png"/>
              <span class="class-name">com.qa.crm.tests.CompanyInfoAndProfilePageTest</span>
            </div> <!-- main-panel-header rounded-window-top -->
            <div class="main-panel-content rounded-window-bottom">
              <div class="method">
                <div class="method-content">
                  <a name="validateRegisterNewUserWithFreeEditionTest(Kate, William, kate.william@yahoo.com, kate.william@yahoo.com, kate123, kate123)">
                  </a> <!-- validateRegisterNewUserWithFreeEditionTest(Kate, William, kate.william@yahoo.com, kate.william@yahoo.com, kate123, kate123) -->
                  <span class="method-name">validateRegisterNewUserWithFreeEditionTest</span>
                  <span class="parameters">(Kate, William, kate.william@yahoo.com, kate.william@yahoo.com, kate123, kate123)</span>
                  <div class="stack-trace">org.openqa.selenium.NoSuchElementException: no such element: Unable to locate element: {&quot;method&quot;:&quot;xpath&quot;,&quot;selector&quot;:&quot;//a[contains(text(),&apos;Sign Up&apos;)]&quot;}
  (Session info: chrome=76.0.3809.132)
  (Driver info: chromedriver=2.35.528161 (5b82f2d2aae0ca24b877009200ced9065a772e73),platform=Windows NT 6.1.7601 SP1 x86_64) (WARNING: The server did not provide any stacktrace information)
Command duration or timeout: 0 milliseconds
For documentation on this error, please visit: http://seleniumhq.org/exceptions/no_such_element.html
Build info: version: &apos;3.14.0&apos;, revision: &apos;aacccce0&apos;, time: &apos;2018-08-02T20:19:58.91Z&apos;
System info: host: &apos;HIBAIL55565&apos;, ip: &apos;10.99.234.147&apos;, os.name: &apos;Windows 7&apos;, os.arch: &apos;amd64&apos;, os.version: &apos;6.1&apos;, java.version: &apos;1.8.0_92&apos;
Driver info: org.openqa.selenium.chrome.ChromeDriver
Capabilities {acceptInsecureCerts: false, acceptSslCerts: false, applicationCacheEnabled: false, browserConnectionEnabled: false, browserName: chrome, chrome: {chromedriverVersion: 2.35.528161 (5b82f2d2aae0ca..., userDataDir: C:\Users\inrahmed\AppData\L...}, cssSelectorsEnabled: true, databaseEnabled: false, handlesAlerts: true, hasTouchScreen: false, javascriptEnabled: true, locationContextEnabled: true, mobileEmulationEnabled: false, nativeEvents: true, networkConnectionEnabled: false, pageLoadStrategy: normal, platform: XP, platformName: XP, rotatable: false, setWindowRect: true, takesHeapSnapshot: true, takesScreenshot: true, unexpectedAlertBehaviour: , unhandledPromptBehavior: , version: 76.0.3809.132, webStorageEnabled: true}
Session ID: 823f7d7f2ce6caef29a74b3089cac431
*** Element info: {Using=xpath, value=//a[contains(text(),&apos;Sign Up&apos;)]}
	at org.openqa.selenium.remote.ErrorHandler.createThrowable(ErrorHandler.java:214)
	at org.openqa.selenium.remote.ErrorHandler.throwIfResponseFailed(ErrorHandler.java:166)
	at org.openqa.selenium.remote.http.JsonHttpResponseCodec.reconstructValue(JsonHttpResponseCodec.java:40)
	at org.openqa.selenium.remote.http.AbstractHttpResponseCodec.decode(AbstractHttpResponseCodec.java:80)
	at org.openqa.selenium.remote.http.AbstractHttpResponseCodec.decode(AbstractHttpResponseCodec.java:44)
	at org.openqa.selenium.remote.HttpCommandExecutor.execute(HttpCommandExecutor.java:158)
	at org.openqa.selenium.remote.service.DriverCommandExecutor.execute(DriverCommandExecutor.java:83)
	at org.openqa.selenium.remote.RemoteWebDriver.execute(RemoteWebDriver.java:548)
	at org.openqa.selenium.remote.RemoteWebDriver.findElement(RemoteWebDriver.java:322)
	at org.openqa.selenium.remote.RemoteWebDriver.findElementByXPath(RemoteWebDriver.java:424)
	at org.openqa.selenium.By$ByXPath.findElement(By.java:353)
	at org.openqa.selenium.remote.RemoteWebDriver.findElement(RemoteWebDriver.java:314)
	at org.openqa.selenium.support.pagefactory.DefaultElementLocator.findElement(DefaultElementLocator.java:69)
	at org.openqa.selenium.support.pagefactory.internal.LocatingElementHandler.invoke(LocatingElementHandler.java:38)
	at com.sun.proxy.$Proxy9.isDisplayed(Unknown Source)
	at com.qa.crm.pages.LoginPage.isSignUpLinkDisplayed(LoginPage.java:49)
	at com.qa.crm.tests.CompanyInfoAndProfilePageTest.validateRegisterNewUserWithFreeEditionTest(CompanyInfoAndProfilePageTest.java:48)
... Removed 29 stack frames
</div> <!-- stack-trace -->
                </div> <!-- method-content -->
              </div> <!-- method -->
              <div class="method">
                <div class="method-content">
                  <a name="validateRegisterValidCompanyDetailsWithFreeEditionTest(Trade Co., 9.84509845E9, 1.3235551234E10, http://www.tradeco.com, trade@tradeco.com, Trading company...)">
                  </a> <!-- validateRegisterValidCompanyDetailsWithFreeEditionTest(Trade Co., 9.84509845E9, 1.3235551234E10, http://www.tradeco.com, trade@tradeco.com, Trading company...) -->
                  <span class="method-name">validateRegisterValidCompanyDetailsWithFreeEditionTest</span>
                  <span class="parameters">(Trade Co., 9.84509845E9, 1.3235551234E10, http://www.tradeco.com, trade@tradeco.com, Trading company, Seattle State Street, Seattle, Washington, 90001.0)</span>
                  <div class="stack-trace">org.openqa.selenium.NoSuchElementException: no such element: Unable to locate element: {&quot;method&quot;:&quot;xpath&quot;,&quot;selector&quot;:&quot;//input[@type=&apos;company_name&apos;]&quot;}
  (Session info: chrome=76.0.3809.132)
  (Driver info: chromedriver=2.35.528161 (5b82f2d2aae0ca24b877009200ced9065a772e73),platform=Windows NT 6.1.7601 SP1 x86_64) (WARNING: The server did not provide any stacktrace information)
Command duration or timeout: 0 milliseconds
For documentation on this error, please visit: http://seleniumhq.org/exceptions/no_such_element.html
Build info: version: &apos;3.14.0&apos;, revision: &apos;aacccce0&apos;, time: &apos;2018-08-02T20:19:58.91Z&apos;
System info: host: &apos;HIBAIL55565&apos;, ip: &apos;10.99.234.147&apos;, os.name: &apos;Windows 7&apos;, os.arch: &apos;amd64&apos;, os.version: &apos;6.1&apos;, java.version: &apos;1.8.0_92&apos;
Driver info: org.openqa.selenium.chrome.ChromeDriver
Capabilities {acceptInsecureCerts: false, acceptSslCerts: false, applicationCacheEnabled: false, browserConnectionEnabled: false, browserName: chrome, chrome: {chromedriverVersion: 2.35.528161 (5b82f2d2aae0ca..., userDataDir: C:\Users\inrahmed\AppData\L...}, cssSelectorsEnabled: true, databaseEnabled: false, handlesAlerts: true, hasTouchScreen: false, javascriptEnabled: true, locationContextEnabled: true, mobileEmulationEnabled: false, nativeEvents: true, networkConnectionEnabled: false, pageLoadStrategy: normal, platform: XP, platformName: XP, rotatable: false, setWindowRect: true, takesHeapSnapshot: true, takesScreenshot: true, unexpectedAlertBehaviour: , unhandledPromptBehavior: , version: 76.0.3809.132, webStorageEnabled: true}
Session ID: 823f7d7f2ce6caef29a74b3089cac431
*** Element info: {Using=xpath, value=//input[@type=&apos;company_name&apos;]}
	at org.openqa.selenium.remote.ErrorHandler.createThrowable(ErrorHandler.java:214)
	at org.openqa.selenium.remote.ErrorHandler.throwIfResponseFailed(ErrorHandler.java:166)
	at org.openqa.selenium.remote.http.JsonHttpResponseCodec.reconstructValue(JsonHttpResponseCodec.java:40)
	at org.openqa.selenium.remote.http.AbstractHttpResponseCodec.decode(AbstractHttpResponseCodec.java:80)
	at org.openqa.selenium.remote.http.AbstractHttpResponseCodec.decode(AbstractHttpResponseCodec.java:44)
	at org.openqa.selenium.remote.HttpCommandExecutor.execute(HttpCommandExecutor.java:158)
	at org.openqa.selenium.remote.service.DriverCommandExecutor.execute(DriverCommandExecutor.java:83)
	at org.openqa.selenium.remote.RemoteWebDriver.execute(RemoteWebDriver.java:548)
	at org.openqa.selenium.remote.RemoteWebDriver.findElement(RemoteWebDriver.java:322)
	at org.openqa.selenium.remote.RemoteWebDriver.findElementByXPath(RemoteWebDriver.java:424)
	at org.openqa.selenium.By$ByXPath.findElement(By.java:353)
	at org.openqa.selenium.remote.RemoteWebDriver.findElement(RemoteWebDriver.java:314)
	at org.openqa.selenium.support.pagefactory.DefaultElementLocator.findElement(DefaultElementLocator.java:69)
	at org.openqa.selenium.support.pagefactory.internal.LocatingElementHandler.invoke(LocatingElementHandler.java:38)
	at com.sun.proxy.$Proxy9.sendKeys(Unknown Source)
	at com.qa.crm.pages.CompanyInfoAndProfilePage.registerValidCompanyDetailsWithFreeEdition(CompanyInfoAndProfilePage.java:71)
	at com.qa.crm.tests.CompanyInfoAndProfilePageTest.validateRegisterValidCompanyDetailsWithFreeEditionTest(CompanyInfoAndProfilePageTest.java:61)
... Removed 29 stack frames
</div> <!-- stack-trace -->
                </div> <!-- method-content -->
              </div> <!-- method -->
              <div class="method">
                <div class="method-content">
                  <a name="validateRegisterValidCompanyDetailsWithFreeEditionTest(Trade Co., 9.845198451E9, 1.3235551234E10, http://www.tradeco.com, trade@tradeco.com, Trading compan...)">
                  </a> <!-- validateRegisterValidCompanyDetailsWithFreeEditionTest(Trade Co., 9.845198451E9, 1.3235551234E10, http://www.tradeco.com, trade@tradeco.com, Trading compan...) -->
                  <span class="method-name">validateRegisterValidCompanyDetailsWithFreeEditionTest</span>
                  <span class="parameters">(Trade Co., 9.845198451E9, 1.3235551234E10, http://www.tradeco.com, trade@tradeco.com, Trading company, Seattle State Street, Seattle, Washington, 90001.0)</span>
                  <div class="stack-trace">org.openqa.selenium.NoSuchElementException: no such element: Unable to locate element: {&quot;method&quot;:&quot;xpath&quot;,&quot;selector&quot;:&quot;//input[@type=&apos;company_name&apos;]&quot;}
  (Session info: chrome=76.0.3809.132)
  (Driver info: chromedriver=2.35.528161 (5b82f2d2aae0ca24b877009200ced9065a772e73),platform=Windows NT 6.1.7601 SP1 x86_64) (WARNING: The server did not provide any stacktrace information)
Command duration or timeout: 0 milliseconds
For documentation on this error, please visit: http://seleniumhq.org/exceptions/no_such_element.html
Build info: version: &apos;3.14.0&apos;, revision: &apos;aacccce0&apos;, time: &apos;2018-08-02T20:19:58.91Z&apos;
System info: host: &apos;HIBAIL55565&apos;, ip: &apos;10.99.234.147&apos;, os.name: &apos;Windows 7&apos;, os.arch: &apos;amd64&apos;, os.version: &apos;6.1&apos;, java.version: &apos;1.8.0_92&apos;
Driver info: org.openqa.selenium.chrome.ChromeDriver
Capabilities {acceptInsecureCerts: false, acceptSslCerts: false, applicationCacheEnabled: false, browserConnectionEnabled: false, browserName: chrome, chrome: {chromedriverVersion: 2.35.528161 (5b82f2d2aae0ca..., userDataDir: C:\Users\inrahmed\AppData\L...}, cssSelectorsEnabled: true, databaseEnabled: false, handlesAlerts: true, hasTouchScreen: false, javascriptEnabled: true, locationContextEnabled: true, mobileEmulationEnabled: false, nativeEvents: true, networkConnectionEnabled: false, pageLoadStrategy: normal, platform: XP, platformName: XP, rotatable: false, setWindowRect: true, takesHeapSnapshot: true, takesScreenshot: true, unexpectedAlertBehaviour: , unhandledPromptBehavior: , version: 76.0.3809.132, webStorageEnabled: true}
Session ID: 823f7d7f2ce6caef29a74b3089cac431
*** Element info: {Using=xpath, value=//input[@type=&apos;company_name&apos;]}
	at org.openqa.selenium.remote.ErrorHandler.createThrowable(ErrorHandler.java:214)
	at org.openqa.selenium.remote.ErrorHandler.throwIfResponseFailed(ErrorHandler.java:166)
	at org.openqa.selenium.remote.http.JsonHttpResponseCodec.reconstructValue(JsonHttpResponseCodec.java:40)
	at org.openqa.selenium.remote.http.AbstractHttpResponseCodec.decode(AbstractHttpResponseCodec.java:80)
	at org.openqa.selenium.remote.http.AbstractHttpResponseCodec.decode(AbstractHttpResponseCodec.java:44)
	at org.openqa.selenium.remote.HttpCommandExecutor.execute(HttpCommandExecutor.java:158)
	at org.openqa.selenium.remote.service.DriverCommandExecutor.execute(DriverCommandExecutor.java:83)
	at org.openqa.selenium.remote.RemoteWebDriver.execute(RemoteWebDriver.java:548)
	at org.openqa.selenium.remote.RemoteWebDriver.findElement(RemoteWebDriver.java:322)
	at org.openqa.selenium.remote.RemoteWebDriver.findElementByXPath(RemoteWebDriver.java:424)
	at org.openqa.selenium.By$ByXPath.findElement(By.java:353)
	at org.openqa.selenium.remote.RemoteWebDriver.findElement(RemoteWebDriver.java:314)
	at org.openqa.selenium.support.pagefactory.DefaultElementLocator.findElement(DefaultElementLocator.java:69)
	at org.openqa.selenium.support.pagefactory.internal.LocatingElementHandler.invoke(LocatingElementHandler.java:38)
	at com.sun.proxy.$Proxy9.sendKeys(Unknown Source)
	at com.qa.crm.pages.CompanyInfoAndProfilePage.registerValidCompanyDetailsWithFreeEdition(CompanyInfoAndProfilePage.java:71)
	at com.qa.crm.tests.CompanyInfoAndProfilePageTest.validateRegisterValidCompanyDetailsWithFreeEditionTest(CompanyInfoAndProfilePageTest.java:61)
... Removed 29 stack frames
</div> <!-- stack-trace -->
                </div> <!-- method-content -->
              </div> <!-- method -->
              <div class="method">
                <div class="method-content">
                  <a name="validateRegisterValidCompanyDetailsWithFreeEditionTest(Trade Co., 9.845198451E9, 1.3235551234E10, http://www.tradeco.com, trade@tradeco.com, Trading compan...)">
                  </a> <!-- validateRegisterValidCompanyDetailsWithFreeEditionTest(Trade Co., 9.845198451E9, 1.3235551234E10, http://www.tradeco.com, trade@tradeco.com, Trading compan...) -->
                  <span class="method-name">validateRegisterValidCompanyDetailsWithFreeEditionTest</span>
                  <span class="parameters">(Trade Co., 9.845198451E9, 1.3235551234E10, http://www.tradeco.com, trade@tradeco.com, Trading company, Seattle State Street, Seattle, Washington, 90001.0)</span>
                  <div class="stack-trace">org.openqa.selenium.NoSuchElementException: no such element: Unable to locate element: {&quot;method&quot;:&quot;xpath&quot;,&quot;selector&quot;:&quot;//input[@type=&apos;company_name&apos;]&quot;}
  (Session info: chrome=76.0.3809.132)
  (Driver info: chromedriver=2.35.528161 (5b82f2d2aae0ca24b877009200ced9065a772e73),platform=Windows NT 6.1.7601 SP1 x86_64) (WARNING: The server did not provide any stacktrace information)
Command duration or timeout: 0 milliseconds
For documentation on this error, please visit: http://seleniumhq.org/exceptions/no_such_element.html
Build info: version: &apos;3.14.0&apos;, revision: &apos;aacccce0&apos;, time: &apos;2018-08-02T20:19:58.91Z&apos;
System info: host: &apos;HIBAIL55565&apos;, ip: &apos;10.99.234.147&apos;, os.name: &apos;Windows 7&apos;, os.arch: &apos;amd64&apos;, os.version: &apos;6.1&apos;, java.version: &apos;1.8.0_92&apos;
Driver info: org.openqa.selenium.chrome.ChromeDriver
Capabilities {acceptInsecureCerts: false, acceptSslCerts: false, applicationCacheEnabled: false, browserConnectionEnabled: false, browserName: chrome, chrome: {chromedriverVersion: 2.35.528161 (5b82f2d2aae0ca..., userDataDir: C:\Users\inrahmed\AppData\L...}, cssSelectorsEnabled: true, databaseEnabled: false, handlesAlerts: true, hasTouchScreen: false, javascriptEnabled: true, locationContextEnabled: true, mobileEmulationEnabled: false, nativeEvents: true, networkConnectionEnabled: false, pageLoadStrategy: normal, platform: XP, platformName: XP, rotatable: false, setWindowRect: true, takesHeapSnapshot: true, takesScreenshot: true, unexpectedAlertBehaviour: , unhandledPromptBehavior: , version: 76.0.3809.132, webStorageEnabled: true}
Session ID: 823f7d7f2ce6caef29a74b3089cac431
*** Element info: {Using=xpath, value=//input[@type=&apos;company_name&apos;]}
	at org.openqa.selenium.remote.ErrorHandler.createThrowable(ErrorHandler.java:214)
	at org.openqa.selenium.remote.ErrorHandler.throwIfResponseFailed(ErrorHandler.java:166)
	at org.openqa.selenium.remote.http.JsonHttpResponseCodec.reconstructValue(JsonHttpResponseCodec.java:40)
	at org.openqa.selenium.remote.http.AbstractHttpResponseCodec.decode(AbstractHttpResponseCodec.java:80)
	at org.openqa.selenium.remote.http.AbstractHttpResponseCodec.decode(AbstractHttpResponseCodec.java:44)
	at org.openqa.selenium.remote.HttpCommandExecutor.execute(HttpCommandExecutor.java:158)
	at org.openqa.selenium.remote.service.DriverCommandExecutor.execute(DriverCommandExecutor.java:83)
	at org.openqa.selenium.remote.RemoteWebDriver.execute(RemoteWebDriver.java:548)
	at org.openqa.selenium.remote.RemoteWebDriver.findElement(RemoteWebDriver.java:322)
	at org.openqa.selenium.remote.RemoteWebDriver.findElementByXPath(RemoteWebDriver.java:424)
	at org.openqa.selenium.By$ByXPath.findElement(By.java:353)
	at org.openqa.selenium.remote.RemoteWebDriver.findElement(RemoteWebDriver.java:314)
	at org.openqa.selenium.support.pagefactory.DefaultElementLocator.findElement(DefaultElementLocator.java:69)
	at org.openqa.selenium.support.pagefactory.internal.LocatingElementHandler.invoke(LocatingElementHandler.java:38)
	at com.sun.proxy.$Proxy9.sendKeys(Unknown Source)
	at com.qa.crm.pages.CompanyInfoAndProfilePage.registerValidCompanyDetailsWithFreeEdition(CompanyInfoAndProfilePage.java:71)
	at com.qa.crm.tests.CompanyInfoAndProfilePageTest.validateRegisterValidCompanyDetailsWithFreeEditionTest(CompanyInfoAndProfilePageTest.java:61)
... Removed 29 stack frames
</div> <!-- stack-trace -->
                </div> <!-- method-content -->
              </div> <!-- method -->
            </div> <!-- main-panel-content rounded-window-bottom -->
          </div> <!-- suite-CRMPROWebAppAutomationSuite-class-failed -->
          <div class="suite-CRMPROWebAppAutomationSuite-class-skipped">
            <div class="main-panel-header rounded-window-top">
              <img src="skipped.png"/>
              <span class="class-name">com.qa.crm.tests.CompanyInfoAndProfilePageTest</span>
            </div> <!-- main-panel-header rounded-window-top -->
            <div class="main-panel-content rounded-window-bottom">
              <div class="method">
                <div class="method-content">
                  <a name="validateRegisterNewUserWithFreeEditionTest(Kate, William, kate.william@yahoo.com, kate.william@yahoo.com, kate123, kate123)">
                  </a> <!-- validateRegisterNewUserWithFreeEditionTest(Kate, William, kate.william@yahoo.com, kate.william@yahoo.com, kate123, kate123) -->
                  <span class="method-name">validateRegisterNewUserWithFreeEditionTest</span>
                  <span class="parameters">(Kate, William, kate.william@yahoo.com, kate.william@yahoo.com, kate123, kate123)</span>
                  <div class="stack-trace">org.openqa.selenium.NoSuchElementException: no such element: Unable to locate element: {&quot;method&quot;:&quot;xpath&quot;,&quot;selector&quot;:&quot;//a[contains(text(),&apos;Sign Up&apos;)]&quot;}
  (Session info: chrome=76.0.3809.132)
  (Driver info: chromedriver=2.35.528161 (5b82f2d2aae0ca24b877009200ced9065a772e73),platform=Windows NT 6.1.7601 SP1 x86_64) (WARNING: The server did not provide any stacktrace information)
Command duration or timeout: 0 milliseconds
For documentation on this error, please visit: http://seleniumhq.org/exceptions/no_such_element.html
Build info: version: &apos;3.14.0&apos;, revision: &apos;aacccce0&apos;, time: &apos;2018-08-02T20:19:58.91Z&apos;
System info: host: &apos;HIBAIL55565&apos;, ip: &apos;10.99.234.147&apos;, os.name: &apos;Windows 7&apos;, os.arch: &apos;amd64&apos;, os.version: &apos;6.1&apos;, java.version: &apos;1.8.0_92&apos;
Driver info: org.openqa.selenium.chrome.ChromeDriver
Capabilities {acceptInsecureCerts: false, acceptSslCerts: false, applicationCacheEnabled: false, browserConnectionEnabled: false, browserName: chrome, chrome: {chromedriverVersion: 2.35.528161 (5b82f2d2aae0ca..., userDataDir: C:\Users\inrahmed\AppData\L...}, cssSelectorsEnabled: true, databaseEnabled: false, handlesAlerts: true, hasTouchScreen: false, javascriptEnabled: true, locationContextEnabled: true, mobileEmulationEnabled: false, nativeEvents: true, networkConnectionEnabled: false, pageLoadStrategy: normal, platform: XP, platformName: XP, rotatable: false, setWindowRect: true, takesHeapSnapshot: true, takesScreenshot: true, unexpectedAlertBehaviour: , unhandledPromptBehavior: , version: 76.0.3809.132, webStorageEnabled: true}
Session ID: 823f7d7f2ce6caef29a74b3089cac431
*** Element info: {Using=xpath, value=//a[contains(text(),&apos;Sign Up&apos;)]}
	at org.openqa.selenium.remote.ErrorHandler.createThrowable(ErrorHandler.java:214)
	at org.openqa.selenium.remote.ErrorHandler.throwIfResponseFailed(ErrorHandler.java:166)
	at org.openqa.selenium.remote.http.JsonHttpResponseCodec.reconstructValue(JsonHttpResponseCodec.java:40)
	at org.openqa.selenium.remote.http.AbstractHttpResponseCodec.decode(AbstractHttpResponseCodec.java:80)
	at org.openqa.selenium.remote.http.AbstractHttpResponseCodec.decode(AbstractHttpResponseCodec.java:44)
	at org.openqa.selenium.remote.HttpCommandExecutor.execute(HttpCommandExecutor.java:158)
	at org.openqa.selenium.remote.service.DriverCommandExecutor.execute(DriverCommandExecutor.java:83)
	at org.openqa.selenium.remote.RemoteWebDriver.execute(RemoteWebDriver.java:548)
	at org.openqa.selenium.remote.RemoteWebDriver.findElement(RemoteWebDriver.java:322)
	at org.openqa.selenium.remote.RemoteWebDriver.findElementByXPath(RemoteWebDriver.java:424)
	at org.openqa.selenium.By$ByXPath.findElement(By.java:353)
	at org.openqa.selenium.remote.RemoteWebDriver.findElement(RemoteWebDriver.java:314)
	at org.openqa.selenium.support.pagefactory.DefaultElementLocator.findElement(DefaultElementLocator.java:69)
	at org.openqa.selenium.support.pagefactory.internal.LocatingElementHandler.invoke(LocatingElementHandler.java:38)
	at com.sun.proxy.$Proxy9.isDisplayed(Unknown Source)
	at com.qa.crm.pages.LoginPage.isSignUpLinkDisplayed(LoginPage.java:49)
	at com.qa.crm.tests.CompanyInfoAndProfilePageTest.validateRegisterNewUserWithFreeEditionTest(CompanyInfoAndProfilePageTest.java:48)
... Removed 29 stack frames
</div> <!-- stack-trace -->
                </div> <!-- method-content -->
              </div> <!-- method -->
              <div class="method">
                <div class="method-content">
                  <a name="validateRegisterValidCompanyDetailsWithFreeEditionTest(Trade Co., 9.84509845E9, 1.3235551234E10, http://www.tradeco.com, trade@tradeco.com, Trading company...)">
                  </a> <!-- validateRegisterValidCompanyDetailsWithFreeEditionTest(Trade Co., 9.84509845E9, 1.3235551234E10, http://www.tradeco.com, trade@tradeco.com, Trading company...) -->
                  <span class="method-name">validateRegisterValidCompanyDetailsWithFreeEditionTest</span>
                  <span class="parameters">(Trade Co., 9.84509845E9, 1.3235551234E10, http://www.tradeco.com, trade@tradeco.com, Trading company, Seattle State Street, Seattle, Washington, 90001.0)</span>
                  <div class="stack-trace">org.openqa.selenium.NoSuchElementException: no such element: Unable to locate element: {&quot;method&quot;:&quot;xpath&quot;,&quot;selector&quot;:&quot;//input[@type=&apos;company_name&apos;]&quot;}
  (Session info: chrome=76.0.3809.132)
  (Driver info: chromedriver=2.35.528161 (5b82f2d2aae0ca24b877009200ced9065a772e73),platform=Windows NT 6.1.7601 SP1 x86_64) (WARNING: The server did not provide any stacktrace information)
Command duration or timeout: 0 milliseconds
For documentation on this error, please visit: http://seleniumhq.org/exceptions/no_such_element.html
Build info: version: &apos;3.14.0&apos;, revision: &apos;aacccce0&apos;, time: &apos;2018-08-02T20:19:58.91Z&apos;
System info: host: &apos;HIBAIL55565&apos;, ip: &apos;10.99.234.147&apos;, os.name: &apos;Windows 7&apos;, os.arch: &apos;amd64&apos;, os.version: &apos;6.1&apos;, java.version: &apos;1.8.0_92&apos;
Driver info: org.openqa.selenium.chrome.ChromeDriver
Capabilities {acceptInsecureCerts: false, acceptSslCerts: false, applicationCacheEnabled: false, browserConnectionEnabled: false, browserName: chrome, chrome: {chromedriverVersion: 2.35.528161 (5b82f2d2aae0ca..., userDataDir: C:\Users\inrahmed\AppData\L...}, cssSelectorsEnabled: true, databaseEnabled: false, handlesAlerts: true, hasTouchScreen: false, javascriptEnabled: true, locationContextEnabled: true, mobileEmulationEnabled: false, nativeEvents: true, networkConnectionEnabled: false, pageLoadStrategy: normal, platform: XP, platformName: XP, rotatable: false, setWindowRect: true, takesHeapSnapshot: true, takesScreenshot: true, unexpectedAlertBehaviour: , unhandledPromptBehavior: , version: 76.0.3809.132, webStorageEnabled: true}
Session ID: 823f7d7f2ce6caef29a74b3089cac431
*** Element info: {Using=xpath, value=//input[@type=&apos;company_name&apos;]}
	at org.openqa.selenium.remote.ErrorHandler.createThrowable(ErrorHandler.java:214)
	at org.openqa.selenium.remote.ErrorHandler.throwIfResponseFailed(ErrorHandler.java:166)
	at org.openqa.selenium.remote.http.JsonHttpResponseCodec.reconstructValue(JsonHttpResponseCodec.java:40)
	at org.openqa.selenium.remote.http.AbstractHttpResponseCodec.decode(AbstractHttpResponseCodec.java:80)
	at org.openqa.selenium.remote.http.AbstractHttpResponseCodec.decode(AbstractHttpResponseCodec.java:44)
	at org.openqa.selenium.remote.HttpCommandExecutor.execute(HttpCommandExecutor.java:158)
	at org.openqa.selenium.remote.service.DriverCommandExecutor.execute(DriverCommandExecutor.java:83)
	at org.openqa.selenium.remote.RemoteWebDriver.execute(RemoteWebDriver.java:548)
	at org.openqa.selenium.remote.RemoteWebDriver.findElement(RemoteWebDriver.java:322)
	at org.openqa.selenium.remote.RemoteWebDriver.findElementByXPath(RemoteWebDriver.java:424)
	at org.openqa.selenium.By$ByXPath.findElement(By.java:353)
	at org.openqa.selenium.remote.RemoteWebDriver.findElement(RemoteWebDriver.java:314)
	at org.openqa.selenium.support.pagefactory.DefaultElementLocator.findElement(DefaultElementLocator.java:69)
	at org.openqa.selenium.support.pagefactory.internal.LocatingElementHandler.invoke(LocatingElementHandler.java:38)
	at com.sun.proxy.$Proxy9.sendKeys(Unknown Source)
	at com.qa.crm.pages.CompanyInfoAndProfilePage.registerValidCompanyDetailsWithFreeEdition(CompanyInfoAndProfilePage.java:71)
	at com.qa.crm.tests.CompanyInfoAndProfilePageTest.validateRegisterValidCompanyDetailsWithFreeEditionTest(CompanyInfoAndProfilePageTest.java:61)
... Removed 29 stack frames
</div> <!-- stack-trace -->
                </div> <!-- method-content -->
              </div> <!-- method -->
            </div> <!-- main-panel-content rounded-window-bottom -->
          </div> <!-- suite-CRMPROWebAppAutomationSuite-class-skipped -->
          <div class="suite-CRMPROWebAppAutomationSuite-class-passed">
            <div class="main-panel-header rounded-window-top">
              <img src="passed.png"/>
              <span class="class-name">com.qa.crm.tests.CompanyInfoAndProfilePageTest</span>
            </div> <!-- main-panel-header rounded-window-top -->
            <div class="main-panel-content rounded-window-bottom">
              <div class="method">
                <div class="method-content">
                  <a name="validateRegisterNewUserWithFreeEditionTest(Lindsey, Lohan, lindsey.lohan@gmail.com, lindsey.lohan@gmail.com, lindsey123, lindsey123)">
                  </a> <!-- validateRegisterNewUserWithFreeEditionTest(Lindsey, Lohan, lindsey.lohan@gmail.com, lindsey.lohan@gmail.com, lindsey123, lindsey123) -->
                  <span class="method-name">validateRegisterNewUserWithFreeEditionTest</span>
                  <span class="parameters">(Lindsey, Lohan, lindsey.lohan@gmail.com, lindsey.lohan@gmail.com, lindsey123, lindsey123)</span>
                </div> <!-- method-content -->
              </div> <!-- method -->
            </div> <!-- main-panel-content rounded-window-bottom -->
          </div> <!-- suite-CRMPROWebAppAutomationSuite-class-passed -->
        </div> <!-- panel CRMPROWebAppAutomationSuite -->
        <div panel-name="test-xml-CRMPROWebAppAutomationSuite" class="panel">
          <div class="main-panel-header rounded-window-top">
            <span class="header-content">C:\Users\inrahmed\git\LatestCRMPROTestAutomation\testng.xml</span>
          </div> <!-- main-panel-header rounded-window-top -->
          <div class="main-panel-content rounded-window-bottom">
            <pre>
&lt;?xml version=&quot;1.0&quot; encoding=&quot;UTF-8&quot;?&gt;
&lt;!DOCTYPE suite SYSTEM &quot;http://testng.org/testng-1.0.dtd&quot;&gt;
&lt;suite guice-stage=&quot;DEVELOPMENT&quot; name=&quot;CRMPROWebAppAutomationSuite&quot;&gt;
  &lt;listeners&gt;
    &lt;listener class-name=&quot;com.qa.crm.analyzer.AnnotationTransformer&quot;/&gt;
    &lt;listener class-name=&quot;com.qa.crm.listeners.CustomListener&quot;/&gt;
  &lt;/listeners&gt;
  &lt;test name=&quot;CRMPROWebAppTest&quot;&gt;
    &lt;classes&gt;
      &lt;class name=&quot;com.qa.crm.tests.CompanyInfoAndProfilePageTest&quot;/&gt;
    &lt;/classes&gt;
  &lt;/test&gt; &lt;!-- CRMPROWebAppTest --&gt;
&lt;/suite&gt; &lt;!-- CRMPROWebAppAutomationSuite --&gt;
            </pre>
          </div> <!-- main-panel-content rounded-window-bottom -->
        </div> <!-- panel -->
        <div panel-name="testlist-CRMPROWebAppAutomationSuite" class="panel">
          <div class="main-panel-header rounded-window-top">
            <span class="header-content">Tests for CRMPROWebAppAutomationSuite</span>
          </div> <!-- main-panel-header rounded-window-top -->
          <div class="main-panel-content rounded-window-bottom">
            <ul>
              <li>
                <span class="test-name">CRMPROWebAppTest (1 class)</span>
              </li>
            </ul>
          </div> <!-- main-panel-content rounded-window-bottom -->
        </div> <!-- panel -->
        <div panel-name="group-CRMPROWebAppAutomationSuite" class="panel">
          <div class="main-panel-header rounded-window-top">
            <span class="header-content">Groups for CRMPROWebAppAutomationSuite</span>
          </div> <!-- main-panel-header rounded-window-top -->
          <div class="main-panel-content rounded-window-bottom">
          </div> <!-- main-panel-content rounded-window-bottom -->
        </div> <!-- panel -->
        <div panel-name="times-CRMPROWebAppAutomationSuite" class="panel">
          <div class="main-panel-header rounded-window-top">
            <span class="header-content">Times for CRMPROWebAppAutomationSuite</span>
          </div> <!-- main-panel-header rounded-window-top -->
          <div class="main-panel-content rounded-window-bottom">
            <div class="times-div">
              <script type="text/javascript">
suiteTableInitFunctions.push('tableData_CRMPROWebAppAutomationSuite');
function tableData_CRMPROWebAppAutomationSuite() {
var data = new google.visualization.DataTable();
data.addColumn('number', 'Number');
data.addColumn('string', 'Method');
data.addColumn('string', 'Class');
data.addColumn('number', 'Time (ms)');
data.addRows(7);
data.setCell(0, 0, 0)
data.setCell(0, 1, 'validateRegisterNewUserWithFreeEditionTest')
data.setCell(0, 2, 'com.qa.crm.tests.CompanyInfoAndProfilePageTest')
data.setCell(0, 3, 20146);
data.setCell(1, 0, 1)
data.setCell(1, 1, 'validateRegisterValidCompanyDetailsWithFreeEditionTest')
data.setCell(1, 2, 'com.qa.crm.tests.CompanyInfoAndProfilePageTest')
data.setCell(1, 3, 20121);
data.setCell(2, 0, 2)
data.setCell(2, 1, 'validateRegisterValidCompanyDetailsWithFreeEditionTest')
data.setCell(2, 2, 'com.qa.crm.tests.CompanyInfoAndProfilePageTest')
data.setCell(2, 3, 20080);
data.setCell(3, 0, 3)
data.setCell(3, 1, 'validateRegisterValidCompanyDetailsWithFreeEditionTest')
data.setCell(3, 2, 'com.qa.crm.tests.CompanyInfoAndProfilePageTest')
data.setCell(3, 3, 20043);
data.setCell(4, 0, 4)
data.setCell(4, 1, 'validateRegisterValidCompanyDetailsWithFreeEditionTest')
data.setCell(4, 2, 'com.qa.crm.tests.CompanyInfoAndProfilePageTest')
data.setCell(4, 3, 20017);
data.setCell(5, 0, 5)
data.setCell(5, 1, 'validateRegisterNewUserWithFreeEditionTest')
data.setCell(5, 2, 'com.qa.crm.tests.CompanyInfoAndProfilePageTest')
data.setCell(5, 3, 20017);
data.setCell(6, 0, 6)
data.setCell(6, 1, 'validateRegisterNewUserWithFreeEditionTest')
data.setCell(6, 2, 'com.qa.crm.tests.CompanyInfoAndProfilePageTest')
data.setCell(6, 3, 7760);
window.suiteTableData['CRMPROWebAppAutomationSuite']= { tableData: data, tableDiv: 'times-div-CRMPROWebAppAutomationSuite'}
return data;
}
              </script>
              <span class="suite-total-time">Total running time: 2 minutes</span>
              <div id="times-div-CRMPROWebAppAutomationSuite">
              </div> <!-- times-div-CRMPROWebAppAutomationSuite -->
            </div> <!-- times-div -->
          </div> <!-- main-panel-content rounded-window-bottom -->
        </div> <!-- panel -->
        <div panel-name="reporter-CRMPROWebAppAutomationSuite" class="panel">
          <div class="main-panel-header rounded-window-top">
            <span class="header-content">Reporter output for CRMPROWebAppAutomationSuite</span>
          </div> <!-- main-panel-header rounded-window-top -->
          <div class="main-panel-content rounded-window-bottom">
            <div class="reporter-method-div">
              <span class="reporter-method-name">validateRegisterNewUserWithFreeEditionTest(Lindsey, Lohan, lindsey.lohan@gmail.com, lindsey.lohan@gmail.com, lindsey123, lindsey123)</span>
              <div class="reporter-method-output-div">
                <span class="reporter-method-output">Sign up link is displayed</span>
                <span class="reporter-method-output">Free Edition selected successfully in the Sign up page</span>
                <span class="reporter-method-output">First Name entered successfully in the Sign up page</span>
                <span class="reporter-method-output">Last Name entered successfully in the Sign up page</span>
                <span class="reporter-method-output">Email entered successfully in the Sign up page</span>
                <span class="reporter-method-output">Confirm Email entered successfully in the Sign up page</span>
                <span class="reporter-method-output">First Name entered successfully in the Sign up page</span>
                <span class="reporter-method-output">Password entered successfully in the Sign up page</span>
                <span class="reporter-method-output">Confirm Password entered successfully in the Sign up page</span>
                <span class="reporter-method-output">Terms and Conditions checkbox is selected in the Sign up page</span>
              </div> <!-- reporter-method-output-div -->
            </div> <!-- reporter-method-div -->
            <div class="reporter-method-div">
              <span class="reporter-method-name">validateRegisterValidCompanyDetailsWithFreeEditionTest(Trade Co., 9.84509845E9, 1.3235551234E10, http://www.tradeco.com, trade@tradeco.com, Trading company...)</span>
              <div class="reporter-method-output-div">
                <span class="reporter-method-output">validateRegisterValidCompanyDetailsWithFreeEditionTest test method failed</span>
              </div> <!-- reporter-method-output-div -->
            </div> <!-- reporter-method-div -->
            <div class="reporter-method-div">
              <span class="reporter-method-name">validateRegisterValidCompanyDetailsWithFreeEditionTest(Trade Co., 9.845198451E9, 1.3235551234E10, http://www.tradeco.com, trade@tradeco.com, Trading compan...)</span>
              <div class="reporter-method-output-div">
                <span class="reporter-method-output">validateRegisterValidCompanyDetailsWithFreeEditionTest test method failed</span>
              </div> <!-- reporter-method-output-div -->
            </div> <!-- reporter-method-div -->
            <div class="reporter-method-div">
              <span class="reporter-method-name">validateRegisterValidCompanyDetailsWithFreeEditionTest(Trade Co., 9.845198451E9, 1.3235551234E10, http://www.tradeco.com, trade@tradeco.com, Trading compan...)</span>
              <div class="reporter-method-output-div">
                <span class="reporter-method-output">validateRegisterValidCompanyDetailsWithFreeEditionTest test method failed</span>
              </div> <!-- reporter-method-output-div -->
            </div> <!-- reporter-method-div -->
            <div class="reporter-method-div">
              <span class="reporter-method-name">validateRegisterNewUserWithFreeEditionTest(Kate, William, kate.william@yahoo.com, kate.william@yahoo.com, kate123, kate123)</span>
              <div class="reporter-method-output-div">
                <span class="reporter-method-output">validateRegisterNewUserWithFreeEditionTest test method failed</span>
              </div> <!-- reporter-method-output-div -->
            </div> <!-- reporter-method-div -->
          </div> <!-- main-panel-content rounded-window-bottom -->
        </div> <!-- panel -->
        <div panel-name="ignored-methods-CRMPROWebAppAutomationSuite" class="panel">
          <div class="main-panel-header rounded-window-top">
            <span class="header-content">0 ignored methods</span>
          </div> <!-- main-panel-header rounded-window-top -->
          <div class="main-panel-content rounded-window-bottom">
          </div> <!-- main-panel-content rounded-window-bottom -->
        </div> <!-- panel -->
        <div panel-name="chronological-CRMPROWebAppAutomationSuite" class="panel">
          <div class="main-panel-header rounded-window-top">
            <span class="header-content">Methods in chronological order</span>
          </div> <!-- main-panel-header rounded-window-top -->
          <div class="main-panel-content rounded-window-bottom">
            <div class="chronological-class">
              <div class="chronological-class-name">com.qa.crm.tests.CompanyInfoAndProfilePageTest</div> <!-- chronological-class-name -->
              <div class="configuration-test before">
                <span class="method-name">preCondition</span>
                <span class="method-start">0 ms</span>
              </div> <!-- configuration-test before -->
              <div class="test-method">
                <span class="method-name">validateRegisterNewUserWithFreeEditionTest(Lindsey, Lohan, lindsey.lohan@gmail.com, lindsey.lohan@gmail.com, lindsey123, lindsey123)</span>
                <span class="method-start">24523 ms</span>
              </div> <!-- test-method -->
              <div class="test-method">
                <span class="method-name">validateRegisterNewUserWithFreeEditionTest(Kate, William, kate.william@yahoo.com, kate.william@yahoo.com, kate123, kate123)</span>
                <span class="method-start">32287 ms</span>
              </div> <!-- test-method -->
              <div class="test-method">
                <img src="failed.png">
                </img>
                <span class="method-name">validateRegisterNewUserWithFreeEditionTest(Kate, William, kate.william@yahoo.com, kate.william@yahoo.com, kate123, kate123)</span>
                <span class="method-start">52524 ms</span>
              </div> <!-- test-method -->
              <div class="test-method">
                <span class="method-name">validateRegisterValidCompanyDetailsWithFreeEditionTest(Trade Co., 9.84509845E9, 1.3235551234E10, http://www.tradeco.com, trade@tradeco.com, Trading company...)</span>
                <span class="method-start">72677 ms</span>
              </div> <!-- test-method -->
              <div class="test-method">
                <img src="failed.png">
                </img>
                <span class="method-name">validateRegisterValidCompanyDetailsWithFreeEditionTest(Trade Co., 9.84509845E9, 1.3235551234E10, http://www.tradeco.com, trade@tradeco.com, Trading company...)</span>
                <span class="method-start">92775 ms</span>
              </div> <!-- test-method -->
              <div class="test-method">
                <img src="failed.png">
                </img>
                <span class="method-name">validateRegisterValidCompanyDetailsWithFreeEditionTest(Trade Co., 9.845198451E9, 1.3235551234E10, http://www.tradeco.com, trade@tradeco.com, Trading compan...)</span>
                <span class="method-start">112802 ms</span>
              </div> <!-- test-method -->
              <div class="test-method">
                <img src="failed.png">
                </img>
                <span class="method-name">validateRegisterValidCompanyDetailsWithFreeEditionTest(Trade Co., 9.845198451E9, 1.3235551234E10, http://www.tradeco.com, trade@tradeco.com, Trading compan...)</span>
                <span class="method-start">132926 ms</span>
              </div> <!-- test-method -->
          </div> <!-- main-panel-content rounded-window-bottom -->
        </div> <!-- panel -->
      </div> <!-- main-panel-root -->
    </div> <!-- wrapper -->
  </body>
</html>
