<?xml version="1.0" encoding="UTF-8"?>
<testng-results skipped="1" failed="3" ignored="0" total="4" passed="0">
  <reporter-output>
    <line>
      <![CDATA[Chrome browser invoked]]>
    </line>
    <line>
      <![CDATA[Sign up link is displayed]]>
    </line>
    <line>
      <![CDATA[Free Edition selected successfully in the Sign up page]]>
    </line>
    <line>
      <![CDATA[First Name entered successfully in the Sign up page]]>
    </line>
    <line>
      <![CDATA[Last Name entered successfully in the Sign up page]]>
    </line>
    <line>
      <![CDATA[Email entered successfully in the Sign up page]]>
    </line>
    <line>
      <![CDATA[Confirm Email entered successfully in the Sign up page]]>
    </line>
    <line>
      <![CDATA[First Name entered successfully in the Sign up page]]>
    </line>
    <line>
      <![CDATA[Password entered successfully in the Sign up page]]>
    </line>
    <line>
      <![CDATA[Closed the browser]]>
    </line>
    <line>
      <![CDATA[Chrome browser invoked]]>
    </line>
    <line>
      <![CDATA[Sign up link is displayed]]>
    </line>
    <line>
      <![CDATA[Free Edition selected successfully in the Sign up page]]>
    </line>
    <line>
      <![CDATA[First Name entered successfully in the Sign up page]]>
    </line>
    <line>
      <![CDATA[Last Name entered successfully in the Sign up page]]>
    </line>
    <line>
      <![CDATA[Email entered successfully in the Sign up page]]>
    </line>
    <line>
      <![CDATA[Confirm Email entered successfully in the Sign up page]]>
    </line>
    <line>
      <![CDATA[First Name entered successfully in the Sign up page]]>
    </line>
    <line>
      <![CDATA[Password entered successfully in the Sign up page]]>
    </line>
    <line>
      <![CDATA[validateRegisterNewUserWithFreeEditionTest test method failed]]>
    </line>
    <line>
      <![CDATA[Closed the browser]]>
    </line>
    <line>
      <![CDATA[Chrome browser invoked]]>
    </line>
    <line>
      <![CDATA[Sign up link is displayed]]>
    </line>
    <line>
      <![CDATA[Free Edition selected successfully in the Sign up page]]>
    </line>
    <line>
      <![CDATA[First Name entered successfully in the Sign up page]]>
    </line>
    <line>
      <![CDATA[Last Name entered successfully in the Sign up page]]>
    </line>
    <line>
      <![CDATA[Email entered successfully in the Sign up page]]>
    </line>
    <line>
      <![CDATA[Confirm Email entered successfully in the Sign up page]]>
    </line>
    <line>
      <![CDATA[First Name entered successfully in the Sign up page]]>
    </line>
    <line>
      <![CDATA[Password entered successfully in the Sign up page]]>
    </line>
    <line>
      <![CDATA[validateRegisterNewUserWithFreeEditionTest test method failed]]>
    </line>
    <line>
      <![CDATA[Closed the browser]]>
    </line>
    <line>
      <![CDATA[Chrome browser invoked]]>
    </line>
    <line>
      <![CDATA[Sign up link is displayed]]>
    </line>
    <line>
      <![CDATA[Free Edition selected successfully in the Sign up page]]>
    </line>
    <line>
      <![CDATA[First Name entered successfully in the Sign up page]]>
    </line>
    <line>
      <![CDATA[Last Name entered successfully in the Sign up page]]>
    </line>
    <line>
      <![CDATA[Email entered successfully in the Sign up page]]>
    </line>
    <line>
      <![CDATA[Confirm Email entered successfully in the Sign up page]]>
    </line>
    <line>
      <![CDATA[First Name entered successfully in the Sign up page]]>
    </line>
    <line>
      <![CDATA[Password entered successfully in the Sign up page]]>
    </line>
    <line>
      <![CDATA[validateRegisterNewUserWithFreeEditionTest test method failed]]>
    </line>
    <line>
      <![CDATA[Closed the browser]]>
    </line>
  </reporter-output>
  <suite name="CRMPROWebAppAutomationSuite" duration-ms="171935" started-at="2019-09-11T11:40:08Z" finished-at="2019-09-11T11:43:00Z">
    <groups>
    </groups>
    <test name="CRMPROWebAppTest" duration-ms="171935" started-at="2019-09-11T11:40:08Z" finished-at="2019-09-11T11:43:00Z">
      <class name="com.qa.crm.tests.SignUpPageTest">
        <test-method status="PASS" signature="preCondition()[pri:0, instance:com.qa.crm.tests.SignUpPageTest@d8355a8]" name="preCondition" is-config="true" duration-ms="26415" started-at="2019-09-11T17:10:09Z" finished-at="2019-09-11T17:10:35Z">
          <reporter-output>
            <line>
              <![CDATA[Chrome browser invoked]]>
            </line>
          </reporter-output>
        </test-method> <!-- preCondition -->
        <test-method status="SKIP" signature="validateRegisterNewUserWithFreeEditionTest(java.lang.String, java.lang.String, java.lang.String, java.lang.String, java.lang.String, java.lang.String, java.lang.String, java.lang.String, java.lang.String, java.lang.String, java.lang.String, java.lang.String, java.lang.String, java.lang.String, java.lang.String, java.lang.String)[pri:0, instance:com.qa.crm.tests.SignUpPageTest@d8355a8]" name="validateRegisterNewUserWithFreeEditionTest" duration-ms="25320" started-at="2019-09-11T17:10:35Z" data-provider="getCRMPRORegisterUserTestData" finished-at="2019-09-11T17:11:00Z">
          <params>
            <param index="0">
              <value>
                <![CDATA[Mike]]>
              </value>
            </param>
            <param index="1">
              <value>
                <![CDATA[Henry]]>
              </value>
            </param>
            <param index="2">
              <value>
                <![CDATA[mike.henry@gmail.com]]>
              </value>
            </param>
            <param index="3">
              <value>
                <![CDATA[mike.henry@gmail.com]]>
              </value>
            </param>
            <param index="4">
              <value>
                <![CDATA[mike123]]>
              </value>
            </param>
            <param index="5">
              <value>
                <![CDATA[mike123]]>
              </value>
            </param>
            <param index="6">
              <value>
                <![CDATA[Trade Co.]]>
              </value>
            </param>
            <param index="7">
              <value>
                <![CDATA[9.84509845E9]]>
              </value>
            </param>
            <param index="8">
              <value>
                <![CDATA[1.3235551234E10]]>
              </value>
            </param>
            <param index="9">
              <value>
                <![CDATA[http://www.tradeco.com]]>
              </value>
            </param>
            <param index="10">
              <value>
                <![CDATA[trade@tradeco.com]]>
              </value>
            </param>
            <param index="11">
              <value>
                <![CDATA[Trading company]]>
              </value>
            </param>
            <param index="12">
              <value>
                <![CDATA[Seattle State Street]]>
              </value>
            </param>
            <param index="13">
              <value>
                <![CDATA[Seattle]]>
              </value>
            </param>
            <param index="14">
              <value>
                <![CDATA[Washington]]>
              </value>
            </param>
            <param index="15">
              <value>
                <![CDATA[90001.0]]>
              </value>
            </param>
          </params>
          <exception class="org.openqa.selenium.NoSuchElementException">
            <message>
              <![CDATA[no such element: Unable to locate element: {"method":"xpath","selector":"//i[@class='form-control-feedback glyphicon glyphicon-ok' and @data-bv-icon-for='agreeTerms']"}
  (Session info: chrome=76.0.3809.132)
  (Driver info: chromedriver=2.35.528161 (5b82f2d2aae0ca24b877009200ced9065a772e73),platform=Windows NT 6.1.7601 SP1 x86_64) (WARNING: The server did not provide any stacktrace information)
Command duration or timeout: 0 milliseconds
For documentation on this error, please visit: http://seleniumhq.org/exceptions/no_such_element.html
Build info: version: '3.14.0', revision: 'aacccce0', time: '2018-08-02T20:19:58.91Z'
System info: host: 'HIBAIL55565', ip: '10.99.234.147', os.name: 'Windows 7', os.arch: 'amd64', os.version: '6.1', java.version: '1.8.0_92'
Driver info: org.openqa.selenium.chrome.ChromeDriver
Capabilities {acceptInsecureCerts: false, acceptSslCerts: false, applicationCacheEnabled: false, browserConnectionEnabled: false, browserName: chrome, chrome: {chromedriverVersion: 2.35.528161 (5b82f2d2aae0ca..., userDataDir: C:\Users\inrahmed\AppData\L...}, cssSelectorsEnabled: true, databaseEnabled: false, handlesAlerts: true, hasTouchScreen: false, javascriptEnabled: true, locationContextEnabled: true, mobileEmulationEnabled: false, nativeEvents: true, networkConnectionEnabled: false, pageLoadStrategy: normal, platform: XP, platformName: XP, rotatable: false, setWindowRect: true, takesHeapSnapshot: true, takesScreenshot: true, unexpectedAlertBehaviour: , unhandledPromptBehavior: , version: 76.0.3809.132, webStorageEnabled: true}
Session ID: d67daad6127f7b8ecfa33cabf2b9d42c
*** Element info: {Using=xpath, value=//i[@class='form-control-feedback glyphicon glyphicon-ok' and @data-bv-icon-for='agreeTerms']}]]>
            </message>
            <full-stacktrace>
              <![CDATA[org.openqa.selenium.NoSuchElementException: no such element: Unable to locate element: {"method":"xpath","selector":"//i[@class='form-control-feedback glyphicon glyphicon-ok' and @data-bv-icon-for='agreeTerms']"}
  (Session info: chrome=76.0.3809.132)
  (Driver info: chromedriver=2.35.528161 (5b82f2d2aae0ca24b877009200ced9065a772e73),platform=Windows NT 6.1.7601 SP1 x86_64) (WARNING: The server did not provide any stacktrace information)
Command duration or timeout: 0 milliseconds
For documentation on this error, please visit: http://seleniumhq.org/exceptions/no_such_element.html
Build info: version: '3.14.0', revision: 'aacccce0', time: '2018-08-02T20:19:58.91Z'
System info: host: 'HIBAIL55565', ip: '10.99.234.147', os.name: 'Windows 7', os.arch: 'amd64', os.version: '6.1', java.version: '1.8.0_92'
Driver info: org.openqa.selenium.chrome.ChromeDriver
Capabilities {acceptInsecureCerts: false, acceptSslCerts: false, applicationCacheEnabled: false, browserConnectionEnabled: false, browserName: chrome, chrome: {chromedriverVersion: 2.35.528161 (5b82f2d2aae0ca..., userDataDir: C:\Users\inrahmed\AppData\L...}, cssSelectorsEnabled: true, databaseEnabled: false, handlesAlerts: true, hasTouchScreen: false, javascriptEnabled: true, locationContextEnabled: true, mobileEmulationEnabled: false, nativeEvents: true, networkConnectionEnabled: false, pageLoadStrategy: normal, platform: XP, platformName: XP, rotatable: false, setWindowRect: true, takesHeapSnapshot: true, takesScreenshot: true, unexpectedAlertBehaviour: , unhandledPromptBehavior: , version: 76.0.3809.132, webStorageEnabled: true}
Session ID: d67daad6127f7b8ecfa33cabf2b9d42c
*** Element info: {Using=xpath, value=//i[@class='form-control-feedback glyphicon glyphicon-ok' and @data-bv-icon-for='agreeTerms']}
	at sun.reflect.NativeConstructorAccessorImpl.newInstance0(Native Method)
	at sun.reflect.NativeConstructorAccessorImpl.newInstance(Unknown Source)
	at sun.reflect.DelegatingConstructorAccessorImpl.newInstance(Unknown Source)
	at java.lang.reflect.Constructor.newInstance(Unknown Source)
	at org.openqa.selenium.remote.ErrorHandler.createThrowable(ErrorHandler.java:214)
	at org.openqa.selenium.remote.ErrorHandler.throwIfResponseFailed(ErrorHandler.java:166)
	at org.openqa.selenium.remote.http.JsonHttpResponseCodec.reconstructValue(JsonHttpResponseCodec.java:40)
	at org.openqa.selenium.remote.http.AbstractHttpResponseCodec.decode(AbstractHttpResponseCodec.java:80)
	at org.openqa.selenium.remote.http.AbstractHttpResponseCodec.decode(AbstractHttpResponseCodec.java:44)
	at org.openqa.selenium.remote.HttpCommandExecutor.execute(HttpCommandExecutor.java:158)
	at org.openqa.selenium.remote.service.DriverCommandExecutor.execute(DriverCommandExecutor.java:83)
	at org.openqa.selenium.remote.RemoteWebDriver.execute(RemoteWebDriver.java:548)
	at org.openqa.selenium.remote.RemoteWebDriver.findElement(RemoteWebDriver.java:322)
	at org.openqa.selenium.remote.RemoteWebDriver.findElementByXPath(RemoteWebDriver.java:424)
	at org.openqa.selenium.By$ByXPath.findElement(By.java:353)
	at org.openqa.selenium.remote.RemoteWebDriver.findElement(RemoteWebDriver.java:314)
	at org.openqa.selenium.support.pagefactory.DefaultElementLocator.findElement(DefaultElementLocator.java:69)
	at org.openqa.selenium.support.pagefactory.internal.LocatingElementHandler.invoke(LocatingElementHandler.java:38)
	at com.sun.proxy.$Proxy10.isDisplayed(Unknown Source)
	at com.qa.crm.pages.SignUpPage.registerValidUserWithFreeEdition(SignUpPage.java:166)
	at com.qa.crm.tests.SignUpPageTest.validateRegisterNewUserWithFreeEditionTest(SignUpPageTest.java:45)
	at sun.reflect.NativeMethodAccessorImpl.invoke0(Native Method)
	at sun.reflect.NativeMethodAccessorImpl.invoke(Unknown Source)
	at sun.reflect.DelegatingMethodAccessorImpl.invoke(Unknown Source)
	at java.lang.reflect.Method.invoke(Unknown Source)
	at org.testng.internal.MethodInvocationHelper.invokeMethod(MethodInvocationHelper.java:108)
	at org.testng.internal.Invoker.invokeMethod(Invoker.java:661)
	at org.testng.internal.Invoker.invokeTestMethod(Invoker.java:869)
	at org.testng.internal.Invoker.invokeTestMethods(Invoker.java:1193)
	at org.testng.internal.TestMethodWorker.invokeTestMethods(TestMethodWorker.java:126)
	at org.testng.internal.TestMethodWorker.run(TestMethodWorker.java:109)
	at org.testng.TestRunner.privateRun(TestRunner.java:744)
	at org.testng.TestRunner.run(TestRunner.java:602)
	at org.testng.SuiteRunner.runTest(SuiteRunner.java:380)
	at org.testng.SuiteRunner.runSequentially(SuiteRunner.java:375)
	at org.testng.SuiteRunner.privateRun(SuiteRunner.java:340)
	at org.testng.SuiteRunner.run(SuiteRunner.java:289)
	at org.testng.SuiteRunnerWorker.runSuite(SuiteRunnerWorker.java:52)
	at org.testng.SuiteRunnerWorker.run(SuiteRunnerWorker.java:86)
	at org.testng.TestNG.runSuitesSequentially(TestNG.java:1301)
	at org.testng.TestNG.runSuitesLocally(TestNG.java:1226)
	at org.testng.TestNG.runSuites(TestNG.java:1144)
	at org.testng.TestNG.run(TestNG.java:1115)
	at org.testng.remote.AbstractRemoteTestNG.run(AbstractRemoteTestNG.java:114)
	at org.testng.remote.RemoteTestNG.initAndRun(RemoteTestNG.java:251)
	at org.testng.remote.RemoteTestNG.main(RemoteTestNG.java:77)
]]>
            </full-stacktrace>
          </exception> <!-- org.openqa.selenium.NoSuchElementException -->
          <reporter-output>
            <line>
              <![CDATA[Sign up link is displayed]]>
            </line>
            <line>
              <![CDATA[Free Edition selected successfully in the Sign up page]]>
            </line>
            <line>
              <![CDATA[First Name entered successfully in the Sign up page]]>
            </line>
            <line>
              <![CDATA[Last Name entered successfully in the Sign up page]]>
            </line>
            <line>
              <![CDATA[Email entered successfully in the Sign up page]]>
            </line>
            <line>
              <![CDATA[Confirm Email entered successfully in the Sign up page]]>
            </line>
            <line>
              <![CDATA[First Name entered successfully in the Sign up page]]>
            </line>
            <line>
              <![CDATA[Password entered successfully in the Sign up page]]>
            </line>
          </reporter-output>
        </test-method> <!-- validateRegisterNewUserWithFreeEditionTest -->
        <test-method status="PASS" signature="tearDown()[pri:0, instance:com.qa.crm.tests.SignUpPageTest@d8355a8]" name="tearDown" is-config="true" duration-ms="1080" started-at="2019-09-11T17:11:00Z" finished-at="2019-09-11T17:11:02Z">
          <reporter-output>
            <line>
              <![CDATA[Closed the browser]]>
            </line>
          </reporter-output>
        </test-method> <!-- tearDown -->
        <test-method status="PASS" signature="preCondition()[pri:0, instance:com.qa.crm.tests.SignUpPageTest@d8355a8]" name="preCondition" is-config="true" duration-ms="14621" started-at="2019-09-11T17:11:02Z" finished-at="2019-09-11T17:11:16Z">
          <reporter-output>
            <line>
              <![CDATA[Chrome browser invoked]]>
            </line>
          </reporter-output>
        </test-method> <!-- preCondition -->
        <test-method status="FAIL" signature="validateRegisterNewUserWithFreeEditionTest(java.lang.String, java.lang.String, java.lang.String, java.lang.String, java.lang.String, java.lang.String, java.lang.String, java.lang.String, java.lang.String, java.lang.String, java.lang.String, java.lang.String, java.lang.String, java.lang.String, java.lang.String, java.lang.String)[pri:0, instance:com.qa.crm.tests.SignUpPageTest@d8355a8]" name="validateRegisterNewUserWithFreeEditionTest" duration-ms="25007" started-at="2019-09-11T17:11:16Z" data-provider="getCRMPRORegisterUserTestData" finished-at="2019-09-11T17:11:41Z">
          <params>
            <param index="0">
              <value>
                <![CDATA[Mike]]>
              </value>
            </param>
            <param index="1">
              <value>
                <![CDATA[Henry]]>
              </value>
            </param>
            <param index="2">
              <value>
                <![CDATA[mike.henry@gmail.com]]>
              </value>
            </param>
            <param index="3">
              <value>
                <![CDATA[mike.henry@gmail.com]]>
              </value>
            </param>
            <param index="4">
              <value>
                <![CDATA[mike123]]>
              </value>
            </param>
            <param index="5">
              <value>
                <![CDATA[mike123]]>
              </value>
            </param>
            <param index="6">
              <value>
                <![CDATA[Trade Co.]]>
              </value>
            </param>
            <param index="7">
              <value>
                <![CDATA[9.84509845E9]]>
              </value>
            </param>
            <param index="8">
              <value>
                <![CDATA[1.3235551234E10]]>
              </value>
            </param>
            <param index="9">
              <value>
                <![CDATA[http://www.tradeco.com]]>
              </value>
            </param>
            <param index="10">
              <value>
                <![CDATA[trade@tradeco.com]]>
              </value>
            </param>
            <param index="11">
              <value>
                <![CDATA[Trading company]]>
              </value>
            </param>
            <param index="12">
              <value>
                <![CDATA[Seattle State Street]]>
              </value>
            </param>
            <param index="13">
              <value>
                <![CDATA[Seattle]]>
              </value>
            </param>
            <param index="14">
              <value>
                <![CDATA[Washington]]>
              </value>
            </param>
            <param index="15">
              <value>
                <![CDATA[90001.0]]>
              </value>
            </param>
          </params>
          <exception class="org.openqa.selenium.NoSuchElementException">
            <message>
              <![CDATA[no such element: Unable to locate element: {"method":"xpath","selector":"//i[@class='form-control-feedback glyphicon glyphicon-ok' and @data-bv-icon-for='agreeTerms']"}
  (Session info: chrome=76.0.3809.132)
  (Driver info: chromedriver=2.35.528161 (5b82f2d2aae0ca24b877009200ced9065a772e73),platform=Windows NT 6.1.7601 SP1 x86_64) (WARNING: The server did not provide any stacktrace information)
Command duration or timeout: 0 milliseconds
For documentation on this error, please visit: http://seleniumhq.org/exceptions/no_such_element.html
Build info: version: '3.14.0', revision: 'aacccce0', time: '2018-08-02T20:19:58.91Z'
System info: host: 'HIBAIL55565', ip: '10.99.234.147', os.name: 'Windows 7', os.arch: 'amd64', os.version: '6.1', java.version: '1.8.0_92'
Driver info: org.openqa.selenium.chrome.ChromeDriver
Capabilities {acceptInsecureCerts: false, acceptSslCerts: false, applicationCacheEnabled: false, browserConnectionEnabled: false, browserName: chrome, chrome: {chromedriverVersion: 2.35.528161 (5b82f2d2aae0ca..., userDataDir: C:\Users\inrahmed\AppData\L...}, cssSelectorsEnabled: true, databaseEnabled: false, handlesAlerts: true, hasTouchScreen: false, javascriptEnabled: true, locationContextEnabled: true, mobileEmulationEnabled: false, nativeEvents: true, networkConnectionEnabled: false, pageLoadStrategy: normal, platform: XP, platformName: XP, rotatable: false, setWindowRect: true, takesHeapSnapshot: true, takesScreenshot: true, unexpectedAlertBehaviour: , unhandledPromptBehavior: , version: 76.0.3809.132, webStorageEnabled: true}
Session ID: 5d311c91f371c3fdb9c79631adc53c0e
*** Element info: {Using=xpath, value=//i[@class='form-control-feedback glyphicon glyphicon-ok' and @data-bv-icon-for='agreeTerms']}]]>
            </message>
            <full-stacktrace>
              <![CDATA[org.openqa.selenium.NoSuchElementException: no such element: Unable to locate element: {"method":"xpath","selector":"//i[@class='form-control-feedback glyphicon glyphicon-ok' and @data-bv-icon-for='agreeTerms']"}
  (Session info: chrome=76.0.3809.132)
  (Driver info: chromedriver=2.35.528161 (5b82f2d2aae0ca24b877009200ced9065a772e73),platform=Windows NT 6.1.7601 SP1 x86_64) (WARNING: The server did not provide any stacktrace information)
Command duration or timeout: 0 milliseconds
For documentation on this error, please visit: http://seleniumhq.org/exceptions/no_such_element.html
Build info: version: '3.14.0', revision: 'aacccce0', time: '2018-08-02T20:19:58.91Z'
System info: host: 'HIBAIL55565', ip: '10.99.234.147', os.name: 'Windows 7', os.arch: 'amd64', os.version: '6.1', java.version: '1.8.0_92'
Driver info: org.openqa.selenium.chrome.ChromeDriver
Capabilities {acceptInsecureCerts: false, acceptSslCerts: false, applicationCacheEnabled: false, browserConnectionEnabled: false, browserName: chrome, chrome: {chromedriverVersion: 2.35.528161 (5b82f2d2aae0ca..., userDataDir: C:\Users\inrahmed\AppData\L...}, cssSelectorsEnabled: true, databaseEnabled: false, handlesAlerts: true, hasTouchScreen: false, javascriptEnabled: true, locationContextEnabled: true, mobileEmulationEnabled: false, nativeEvents: true, networkConnectionEnabled: false, pageLoadStrategy: normal, platform: XP, platformName: XP, rotatable: false, setWindowRect: true, takesHeapSnapshot: true, takesScreenshot: true, unexpectedAlertBehaviour: , unhandledPromptBehavior: , version: 76.0.3809.132, webStorageEnabled: true}
Session ID: 5d311c91f371c3fdb9c79631adc53c0e
*** Element info: {Using=xpath, value=//i[@class='form-control-feedback glyphicon glyphicon-ok' and @data-bv-icon-for='agreeTerms']}
	at sun.reflect.NativeConstructorAccessorImpl.newInstance0(Native Method)
	at sun.reflect.NativeConstructorAccessorImpl.newInstance(Unknown Source)
	at sun.reflect.DelegatingConstructorAccessorImpl.newInstance(Unknown Source)
	at java.lang.reflect.Constructor.newInstance(Unknown Source)
	at org.openqa.selenium.remote.ErrorHandler.createThrowable(ErrorHandler.java:214)
	at org.openqa.selenium.remote.ErrorHandler.throwIfResponseFailed(ErrorHandler.java:166)
	at org.openqa.selenium.remote.http.JsonHttpResponseCodec.reconstructValue(JsonHttpResponseCodec.java:40)
	at org.openqa.selenium.remote.http.AbstractHttpResponseCodec.decode(AbstractHttpResponseCodec.java:80)
	at org.openqa.selenium.remote.http.AbstractHttpResponseCodec.decode(AbstractHttpResponseCodec.java:44)
	at org.openqa.selenium.remote.HttpCommandExecutor.execute(HttpCommandExecutor.java:158)
	at org.openqa.selenium.remote.service.DriverCommandExecutor.execute(DriverCommandExecutor.java:83)
	at org.openqa.selenium.remote.RemoteWebDriver.execute(RemoteWebDriver.java:548)
	at org.openqa.selenium.remote.RemoteWebDriver.findElement(RemoteWebDriver.java:322)
	at org.openqa.selenium.remote.RemoteWebDriver.findElementByXPath(RemoteWebDriver.java:424)
	at org.openqa.selenium.By$ByXPath.findElement(By.java:353)
	at org.openqa.selenium.remote.RemoteWebDriver.findElement(RemoteWebDriver.java:314)
	at org.openqa.selenium.support.pagefactory.DefaultElementLocator.findElement(DefaultElementLocator.java:69)
	at org.openqa.selenium.support.pagefactory.internal.LocatingElementHandler.invoke(LocatingElementHandler.java:38)
	at com.sun.proxy.$Proxy10.isDisplayed(Unknown Source)
	at com.qa.crm.pages.SignUpPage.registerValidUserWithFreeEdition(SignUpPage.java:166)
	at com.qa.crm.tests.SignUpPageTest.validateRegisterNewUserWithFreeEditionTest(SignUpPageTest.java:45)
	at sun.reflect.NativeMethodAccessorImpl.invoke0(Native Method)
	at sun.reflect.NativeMethodAccessorImpl.invoke(Unknown Source)
	at sun.reflect.DelegatingMethodAccessorImpl.invoke(Unknown Source)
	at java.lang.reflect.Method.invoke(Unknown Source)
	at org.testng.internal.MethodInvocationHelper.invokeMethod(MethodInvocationHelper.java:108)
	at org.testng.internal.Invoker.invokeMethod(Invoker.java:661)
	at org.testng.internal.Invoker.retryFailed(Invoker.java:1014)
	at org.testng.internal.Invoker.invokeTestMethods(Invoker.java:1215)
	at org.testng.internal.TestMethodWorker.invokeTestMethods(TestMethodWorker.java:126)
	at org.testng.internal.TestMethodWorker.run(TestMethodWorker.java:109)
	at org.testng.TestRunner.privateRun(TestRunner.java:744)
	at org.testng.TestRunner.run(TestRunner.java:602)
	at org.testng.SuiteRunner.runTest(SuiteRunner.java:380)
	at org.testng.SuiteRunner.runSequentially(SuiteRunner.java:375)
	at org.testng.SuiteRunner.privateRun(SuiteRunner.java:340)
	at org.testng.SuiteRunner.run(SuiteRunner.java:289)
	at org.testng.SuiteRunnerWorker.runSuite(SuiteRunnerWorker.java:52)
	at org.testng.SuiteRunnerWorker.run(SuiteRunnerWorker.java:86)
	at org.testng.TestNG.runSuitesSequentially(TestNG.java:1301)
	at org.testng.TestNG.runSuitesLocally(TestNG.java:1226)
	at org.testng.TestNG.runSuites(TestNG.java:1144)
	at org.testng.TestNG.run(TestNG.java:1115)
	at org.testng.remote.AbstractRemoteTestNG.run(AbstractRemoteTestNG.java:114)
	at org.testng.remote.RemoteTestNG.initAndRun(RemoteTestNG.java:251)
	at org.testng.remote.RemoteTestNG.main(RemoteTestNG.java:77)
]]>
            </full-stacktrace>
          </exception> <!-- org.openqa.selenium.NoSuchElementException -->
          <reporter-output>
            <line>
              <![CDATA[Sign up link is displayed]]>
            </line>
            <line>
              <![CDATA[Free Edition selected successfully in the Sign up page]]>
            </line>
            <line>
              <![CDATA[First Name entered successfully in the Sign up page]]>
            </line>
            <line>
              <![CDATA[Last Name entered successfully in the Sign up page]]>
            </line>
            <line>
              <![CDATA[Email entered successfully in the Sign up page]]>
            </line>
            <line>
              <![CDATA[Confirm Email entered successfully in the Sign up page]]>
            </line>
            <line>
              <![CDATA[First Name entered successfully in the Sign up page]]>
            </line>
            <line>
              <![CDATA[Password entered successfully in the Sign up page]]>
            </line>
            <line>
              <![CDATA[validateRegisterNewUserWithFreeEditionTest test method failed]]>
            </line>
          </reporter-output>
        </test-method> <!-- validateRegisterNewUserWithFreeEditionTest -->
        <test-method status="PASS" signature="tearDown()[pri:0, instance:com.qa.crm.tests.SignUpPageTest@d8355a8]" name="tearDown" is-config="true" duration-ms="1014" started-at="2019-09-11T17:11:41Z" finished-at="2019-09-11T17:11:42Z">
          <reporter-output>
            <line>
              <![CDATA[Closed the browser]]>
            </line>
          </reporter-output>
        </test-method> <!-- tearDown -->
        <test-method status="PASS" signature="preCondition()[pri:0, instance:com.qa.crm.tests.SignUpPageTest@d8355a8]" name="preCondition" is-config="true" duration-ms="13232" started-at="2019-09-11T17:11:42Z" finished-at="2019-09-11T17:11:56Z">
          <reporter-output>
            <line>
              <![CDATA[Chrome browser invoked]]>
            </line>
          </reporter-output>
        </test-method> <!-- preCondition -->
        <test-method status="FAIL" signature="validateRegisterNewUserWithFreeEditionTest(java.lang.String, java.lang.String, java.lang.String, java.lang.String, java.lang.String, java.lang.String, java.lang.String, java.lang.String, java.lang.String, java.lang.String, java.lang.String, java.lang.String, java.lang.String, java.lang.String, java.lang.String, java.lang.String)[pri:0, instance:com.qa.crm.tests.SignUpPageTest@d8355a8]" name="validateRegisterNewUserWithFreeEditionTest" duration-ms="23952" started-at="2019-09-11T17:11:56Z" data-provider="getCRMPRORegisterUserTestData" finished-at="2019-09-11T17:12:19Z">
          <params>
            <param index="0">
              <value>
                <![CDATA[John]]>
              </value>
            </param>
            <param index="1">
              <value>
                <![CDATA[Stacey]]>
              </value>
            </param>
            <param index="2">
              <value>
                <![CDATA[john.stacey@yahoo.com]]>
              </value>
            </param>
            <param index="3">
              <value>
                <![CDATA[john.stacey@yahoo.com]]>
              </value>
            </param>
            <param index="4">
              <value>
                <![CDATA[johnstacey123]]>
              </value>
            </param>
            <param index="5">
              <value>
                <![CDATA[johnstacey123]]>
              </value>
            </param>
            <param index="6">
              <value>
                <![CDATA[Trade Co.]]>
              </value>
            </param>
            <param index="7">
              <value>
                <![CDATA[9.845198451E9]]>
              </value>
            </param>
            <param index="8">
              <value>
                <![CDATA[1.3235551234E10]]>
              </value>
            </param>
            <param index="9">
              <value>
                <![CDATA[http://www.tradeco.com]]>
              </value>
            </param>
            <param index="10">
              <value>
                <![CDATA[trade@tradeco.com]]>
              </value>
            </param>
            <param index="11">
              <value>
                <![CDATA[Trading company]]>
              </value>
            </param>
            <param index="12">
              <value>
                <![CDATA[Seattle State Street]]>
              </value>
            </param>
            <param index="13">
              <value>
                <![CDATA[Seattle]]>
              </value>
            </param>
            <param index="14">
              <value>
                <![CDATA[Washington]]>
              </value>
            </param>
            <param index="15">
              <value>
                <![CDATA[90001.0]]>
              </value>
            </param>
          </params>
          <exception class="org.openqa.selenium.NoSuchElementException">
            <message>
              <![CDATA[no such element: Unable to locate element: {"method":"xpath","selector":"//i[@class='form-control-feedback glyphicon glyphicon-ok' and @data-bv-icon-for='agreeTerms']"}
  (Session info: chrome=76.0.3809.132)
  (Driver info: chromedriver=2.35.528161 (5b82f2d2aae0ca24b877009200ced9065a772e73),platform=Windows NT 6.1.7601 SP1 x86_64) (WARNING: The server did not provide any stacktrace information)
Command duration or timeout: 0 milliseconds
For documentation on this error, please visit: http://seleniumhq.org/exceptions/no_such_element.html
Build info: version: '3.14.0', revision: 'aacccce0', time: '2018-08-02T20:19:58.91Z'
System info: host: 'HIBAIL55565', ip: '10.99.234.147', os.name: 'Windows 7', os.arch: 'amd64', os.version: '6.1', java.version: '1.8.0_92'
Driver info: org.openqa.selenium.chrome.ChromeDriver
Capabilities {acceptInsecureCerts: false, acceptSslCerts: false, applicationCacheEnabled: false, browserConnectionEnabled: false, browserName: chrome, chrome: {chromedriverVersion: 2.35.528161 (5b82f2d2aae0ca..., userDataDir: C:\Users\inrahmed\AppData\L...}, cssSelectorsEnabled: true, databaseEnabled: false, handlesAlerts: true, hasTouchScreen: false, javascriptEnabled: true, locationContextEnabled: true, mobileEmulationEnabled: false, nativeEvents: true, networkConnectionEnabled: false, pageLoadStrategy: normal, platform: XP, platformName: XP, rotatable: false, setWindowRect: true, takesHeapSnapshot: true, takesScreenshot: true, unexpectedAlertBehaviour: , unhandledPromptBehavior: , version: 76.0.3809.132, webStorageEnabled: true}
Session ID: 0f2cdcfa3b3148b188b519478dbbc3df
*** Element info: {Using=xpath, value=//i[@class='form-control-feedback glyphicon glyphicon-ok' and @data-bv-icon-for='agreeTerms']}]]>
            </message>
            <full-stacktrace>
              <![CDATA[org.openqa.selenium.NoSuchElementException: no such element: Unable to locate element: {"method":"xpath","selector":"//i[@class='form-control-feedback glyphicon glyphicon-ok' and @data-bv-icon-for='agreeTerms']"}
  (Session info: chrome=76.0.3809.132)
  (Driver info: chromedriver=2.35.528161 (5b82f2d2aae0ca24b877009200ced9065a772e73),platform=Windows NT 6.1.7601 SP1 x86_64) (WARNING: The server did not provide any stacktrace information)
Command duration or timeout: 0 milliseconds
For documentation on this error, please visit: http://seleniumhq.org/exceptions/no_such_element.html
Build info: version: '3.14.0', revision: 'aacccce0', time: '2018-08-02T20:19:58.91Z'
System info: host: 'HIBAIL55565', ip: '10.99.234.147', os.name: 'Windows 7', os.arch: 'amd64', os.version: '6.1', java.version: '1.8.0_92'
Driver info: org.openqa.selenium.chrome.ChromeDriver
Capabilities {acceptInsecureCerts: false, acceptSslCerts: false, applicationCacheEnabled: false, browserConnectionEnabled: false, browserName: chrome, chrome: {chromedriverVersion: 2.35.528161 (5b82f2d2aae0ca..., userDataDir: C:\Users\inrahmed\AppData\L...}, cssSelectorsEnabled: true, databaseEnabled: false, handlesAlerts: true, hasTouchScreen: false, javascriptEnabled: true, locationContextEnabled: true, mobileEmulationEnabled: false, nativeEvents: true, networkConnectionEnabled: false, pageLoadStrategy: normal, platform: XP, platformName: XP, rotatable: false, setWindowRect: true, takesHeapSnapshot: true, takesScreenshot: true, unexpectedAlertBehaviour: , unhandledPromptBehavior: , version: 76.0.3809.132, webStorageEnabled: true}
Session ID: 0f2cdcfa3b3148b188b519478dbbc3df
*** Element info: {Using=xpath, value=//i[@class='form-control-feedback glyphicon glyphicon-ok' and @data-bv-icon-for='agreeTerms']}
	at sun.reflect.NativeConstructorAccessorImpl.newInstance0(Native Method)
	at sun.reflect.NativeConstructorAccessorImpl.newInstance(Unknown Source)
	at sun.reflect.DelegatingConstructorAccessorImpl.newInstance(Unknown Source)
	at java.lang.reflect.Constructor.newInstance(Unknown Source)
	at org.openqa.selenium.remote.ErrorHandler.createThrowable(ErrorHandler.java:214)
	at org.openqa.selenium.remote.ErrorHandler.throwIfResponseFailed(ErrorHandler.java:166)
	at org.openqa.selenium.remote.http.JsonHttpResponseCodec.reconstructValue(JsonHttpResponseCodec.java:40)
	at org.openqa.selenium.remote.http.AbstractHttpResponseCodec.decode(AbstractHttpResponseCodec.java:80)
	at org.openqa.selenium.remote.http.AbstractHttpResponseCodec.decode(AbstractHttpResponseCodec.java:44)
	at org.openqa.selenium.remote.HttpCommandExecutor.execute(HttpCommandExecutor.java:158)
	at org.openqa.selenium.remote.service.DriverCommandExecutor.execute(DriverCommandExecutor.java:83)
	at org.openqa.selenium.remote.RemoteWebDriver.execute(RemoteWebDriver.java:548)
	at org.openqa.selenium.remote.RemoteWebDriver.findElement(RemoteWebDriver.java:322)
	at org.openqa.selenium.remote.RemoteWebDriver.findElementByXPath(RemoteWebDriver.java:424)
	at org.openqa.selenium.By$ByXPath.findElement(By.java:353)
	at org.openqa.selenium.remote.RemoteWebDriver.findElement(RemoteWebDriver.java:314)
	at org.openqa.selenium.support.pagefactory.DefaultElementLocator.findElement(DefaultElementLocator.java:69)
	at org.openqa.selenium.support.pagefactory.internal.LocatingElementHandler.invoke(LocatingElementHandler.java:38)
	at com.sun.proxy.$Proxy10.isDisplayed(Unknown Source)
	at com.qa.crm.pages.SignUpPage.registerValidUserWithFreeEdition(SignUpPage.java:166)
	at com.qa.crm.tests.SignUpPageTest.validateRegisterNewUserWithFreeEditionTest(SignUpPageTest.java:45)
	at sun.reflect.NativeMethodAccessorImpl.invoke0(Native Method)
	at sun.reflect.NativeMethodAccessorImpl.invoke(Unknown Source)
	at sun.reflect.DelegatingMethodAccessorImpl.invoke(Unknown Source)
	at java.lang.reflect.Method.invoke(Unknown Source)
	at org.testng.internal.MethodInvocationHelper.invokeMethod(MethodInvocationHelper.java:108)
	at org.testng.internal.Invoker.invokeMethod(Invoker.java:661)
	at org.testng.internal.Invoker.invokeTestMethod(Invoker.java:869)
	at org.testng.internal.Invoker.invokeTestMethods(Invoker.java:1193)
	at org.testng.internal.TestMethodWorker.invokeTestMethods(TestMethodWorker.java:126)
	at org.testng.internal.TestMethodWorker.run(TestMethodWorker.java:109)
	at org.testng.TestRunner.privateRun(TestRunner.java:744)
	at org.testng.TestRunner.run(TestRunner.java:602)
	at org.testng.SuiteRunner.runTest(SuiteRunner.java:380)
	at org.testng.SuiteRunner.runSequentially(SuiteRunner.java:375)
	at org.testng.SuiteRunner.privateRun(SuiteRunner.java:340)
	at org.testng.SuiteRunner.run(SuiteRunner.java:289)
	at org.testng.SuiteRunnerWorker.runSuite(SuiteRunnerWorker.java:52)
	at org.testng.SuiteRunnerWorker.run(SuiteRunnerWorker.java:86)
	at org.testng.TestNG.runSuitesSequentially(TestNG.java:1301)
	at org.testng.TestNG.runSuitesLocally(TestNG.java:1226)
	at org.testng.TestNG.runSuites(TestNG.java:1144)
	at org.testng.TestNG.run(TestNG.java:1115)
	at org.testng.remote.AbstractRemoteTestNG.run(AbstractRemoteTestNG.java:114)
	at org.testng.remote.RemoteTestNG.initAndRun(RemoteTestNG.java:251)
	at org.testng.remote.RemoteTestNG.main(RemoteTestNG.java:77)
]]>
            </full-stacktrace>
          </exception> <!-- org.openqa.selenium.NoSuchElementException -->
          <reporter-output>
            <line>
              <![CDATA[Sign up link is displayed]]>
            </line>
            <line>
              <![CDATA[Free Edition selected successfully in the Sign up page]]>
            </line>
            <line>
              <![CDATA[First Name entered successfully in the Sign up page]]>
            </line>
            <line>
              <![CDATA[Last Name entered successfully in the Sign up page]]>
            </line>
            <line>
              <![CDATA[Email entered successfully in the Sign up page]]>
            </line>
            <line>
              <![CDATA[Confirm Email entered successfully in the Sign up page]]>
            </line>
            <line>
              <![CDATA[First Name entered successfully in the Sign up page]]>
            </line>
            <line>
              <![CDATA[Password entered successfully in the Sign up page]]>
            </line>
            <line>
              <![CDATA[validateRegisterNewUserWithFreeEditionTest test method failed]]>
            </line>
          </reporter-output>
        </test-method> <!-- validateRegisterNewUserWithFreeEditionTest -->
        <test-method status="PASS" signature="tearDown()[pri:0, instance:com.qa.crm.tests.SignUpPageTest@d8355a8]" name="tearDown" is-config="true" duration-ms="1378" started-at="2019-09-11T17:12:19Z" finished-at="2019-09-11T17:12:21Z">
          <reporter-output>
            <line>
              <![CDATA[Closed the browser]]>
            </line>
          </reporter-output>
        </test-method> <!-- tearDown -->
        <test-method status="PASS" signature="preCondition()[pri:0, instance:com.qa.crm.tests.SignUpPageTest@d8355a8]" name="preCondition" is-config="true" duration-ms="12358" started-at="2019-09-11T17:12:21Z" finished-at="2019-09-11T17:12:33Z">
          <reporter-output>
            <line>
              <![CDATA[Chrome browser invoked]]>
            </line>
          </reporter-output>
        </test-method> <!-- preCondition -->
        <test-method status="FAIL" signature="validateRegisterNewUserWithFreeEditionTest(java.lang.String, java.lang.String, java.lang.String, java.lang.String, java.lang.String, java.lang.String, java.lang.String, java.lang.String, java.lang.String, java.lang.String, java.lang.String, java.lang.String, java.lang.String, java.lang.String, java.lang.String, java.lang.String)[pri:0, instance:com.qa.crm.tests.SignUpPageTest@d8355a8]" name="validateRegisterNewUserWithFreeEditionTest" duration-ms="25294" started-at="2019-09-11T17:12:33Z" data-provider="getCRMPRORegisterUserTestData" finished-at="2019-09-11T17:12:59Z">
          <params>
            <param index="0">
              <value>
                <![CDATA[John]]>
              </value>
            </param>
            <param index="1">
              <value>
                <![CDATA[Stacey]]>
              </value>
            </param>
            <param index="2">
              <value>
                <![CDATA[john.stacey@yahoo.com]]>
              </value>
            </param>
            <param index="3">
              <value>
                <![CDATA[john.stacey@yahoo.com]]>
              </value>
            </param>
            <param index="4">
              <value>
                <![CDATA[johnstacey123]]>
              </value>
            </param>
            <param index="5">
              <value>
                <![CDATA[johnstacey123]]>
              </value>
            </param>
            <param index="6">
              <value>
                <![CDATA[Trade Co.]]>
              </value>
            </param>
            <param index="7">
              <value>
                <![CDATA[9.845198451E9]]>
              </value>
            </param>
            <param index="8">
              <value>
                <![CDATA[1.3235551234E10]]>
              </value>
            </param>
            <param index="9">
              <value>
                <![CDATA[http://www.tradeco.com]]>
              </value>
            </param>
            <param index="10">
              <value>
                <![CDATA[trade@tradeco.com]]>
              </value>
            </param>
            <param index="11">
              <value>
                <![CDATA[Trading company]]>
              </value>
            </param>
            <param index="12">
              <value>
                <![CDATA[Seattle State Street]]>
              </value>
            </param>
            <param index="13">
              <value>
                <![CDATA[Seattle]]>
              </value>
            </param>
            <param index="14">
              <value>
                <![CDATA[Washington]]>
              </value>
            </param>
            <param index="15">
              <value>
                <![CDATA[90001.0]]>
              </value>
            </param>
          </params>
          <exception class="org.openqa.selenium.NoSuchElementException">
            <message>
              <![CDATA[no such element: Unable to locate element: {"method":"xpath","selector":"//i[@class='form-control-feedback glyphicon glyphicon-ok' and @data-bv-icon-for='agreeTerms']"}
  (Session info: chrome=76.0.3809.132)
  (Driver info: chromedriver=2.35.528161 (5b82f2d2aae0ca24b877009200ced9065a772e73),platform=Windows NT 6.1.7601 SP1 x86_64) (WARNING: The server did not provide any stacktrace information)
Command duration or timeout: 0 milliseconds
For documentation on this error, please visit: http://seleniumhq.org/exceptions/no_such_element.html
Build info: version: '3.14.0', revision: 'aacccce0', time: '2018-08-02T20:19:58.91Z'
System info: host: 'HIBAIL55565', ip: '10.99.234.147', os.name: 'Windows 7', os.arch: 'amd64', os.version: '6.1', java.version: '1.8.0_92'
Driver info: org.openqa.selenium.chrome.ChromeDriver
Capabilities {acceptInsecureCerts: false, acceptSslCerts: false, applicationCacheEnabled: false, browserConnectionEnabled: false, browserName: chrome, chrome: {chromedriverVersion: 2.35.528161 (5b82f2d2aae0ca..., userDataDir: C:\Users\inrahmed\AppData\L...}, cssSelectorsEnabled: true, databaseEnabled: false, handlesAlerts: true, hasTouchScreen: false, javascriptEnabled: true, locationContextEnabled: true, mobileEmulationEnabled: false, nativeEvents: true, networkConnectionEnabled: false, pageLoadStrategy: normal, platform: XP, platformName: XP, rotatable: false, setWindowRect: true, takesHeapSnapshot: true, takesScreenshot: true, unexpectedAlertBehaviour: , unhandledPromptBehavior: , version: 76.0.3809.132, webStorageEnabled: true}
Session ID: 8d6a82d8cad926cb2a30d576d4f97846
*** Element info: {Using=xpath, value=//i[@class='form-control-feedback glyphicon glyphicon-ok' and @data-bv-icon-for='agreeTerms']}]]>
            </message>
            <full-stacktrace>
              <![CDATA[org.openqa.selenium.NoSuchElementException: no such element: Unable to locate element: {"method":"xpath","selector":"//i[@class='form-control-feedback glyphicon glyphicon-ok' and @data-bv-icon-for='agreeTerms']"}
  (Session info: chrome=76.0.3809.132)
  (Driver info: chromedriver=2.35.528161 (5b82f2d2aae0ca24b877009200ced9065a772e73),platform=Windows NT 6.1.7601 SP1 x86_64) (WARNING: The server did not provide any stacktrace information)
Command duration or timeout: 0 milliseconds
For documentation on this error, please visit: http://seleniumhq.org/exceptions/no_such_element.html
Build info: version: '3.14.0', revision: 'aacccce0', time: '2018-08-02T20:19:58.91Z'
System info: host: 'HIBAIL55565', ip: '10.99.234.147', os.name: 'Windows 7', os.arch: 'amd64', os.version: '6.1', java.version: '1.8.0_92'
Driver info: org.openqa.selenium.chrome.ChromeDriver
Capabilities {acceptInsecureCerts: false, acceptSslCerts: false, applicationCacheEnabled: false, browserConnectionEnabled: false, browserName: chrome, chrome: {chromedriverVersion: 2.35.528161 (5b82f2d2aae0ca..., userDataDir: C:\Users\inrahmed\AppData\L...}, cssSelectorsEnabled: true, databaseEnabled: false, handlesAlerts: true, hasTouchScreen: false, javascriptEnabled: true, locationContextEnabled: true, mobileEmulationEnabled: false, nativeEvents: true, networkConnectionEnabled: false, pageLoadStrategy: normal, platform: XP, platformName: XP, rotatable: false, setWindowRect: true, takesHeapSnapshot: true, takesScreenshot: true, unexpectedAlertBehaviour: , unhandledPromptBehavior: , version: 76.0.3809.132, webStorageEnabled: true}
Session ID: 8d6a82d8cad926cb2a30d576d4f97846
*** Element info: {Using=xpath, value=//i[@class='form-control-feedback glyphicon glyphicon-ok' and @data-bv-icon-for='agreeTerms']}
	at sun.reflect.NativeConstructorAccessorImpl.newInstance0(Native Method)
	at sun.reflect.NativeConstructorAccessorImpl.newInstance(Unknown Source)
	at sun.reflect.DelegatingConstructorAccessorImpl.newInstance(Unknown Source)
	at java.lang.reflect.Constructor.newInstance(Unknown Source)
	at org.openqa.selenium.remote.ErrorHandler.createThrowable(ErrorHandler.java:214)
	at org.openqa.selenium.remote.ErrorHandler.throwIfResponseFailed(ErrorHandler.java:166)
	at org.openqa.selenium.remote.http.JsonHttpResponseCodec.reconstructValue(JsonHttpResponseCodec.java:40)
	at org.openqa.selenium.remote.http.AbstractHttpResponseCodec.decode(AbstractHttpResponseCodec.java:80)
	at org.openqa.selenium.remote.http.AbstractHttpResponseCodec.decode(AbstractHttpResponseCodec.java:44)
	at org.openqa.selenium.remote.HttpCommandExecutor.execute(HttpCommandExecutor.java:158)
	at org.openqa.selenium.remote.service.DriverCommandExecutor.execute(DriverCommandExecutor.java:83)
	at org.openqa.selenium.remote.RemoteWebDriver.execute(RemoteWebDriver.java:548)
	at org.openqa.selenium.remote.RemoteWebDriver.findElement(RemoteWebDriver.java:322)
	at org.openqa.selenium.remote.RemoteWebDriver.findElementByXPath(RemoteWebDriver.java:424)
	at org.openqa.selenium.By$ByXPath.findElement(By.java:353)
	at org.openqa.selenium.remote.RemoteWebDriver.findElement(RemoteWebDriver.java:314)
	at org.openqa.selenium.support.pagefactory.DefaultElementLocator.findElement(DefaultElementLocator.java:69)
	at org.openqa.selenium.support.pagefactory.internal.LocatingElementHandler.invoke(LocatingElementHandler.java:38)
	at com.sun.proxy.$Proxy10.isDisplayed(Unknown Source)
	at com.qa.crm.pages.SignUpPage.registerValidUserWithFreeEdition(SignUpPage.java:166)
	at com.qa.crm.tests.SignUpPageTest.validateRegisterNewUserWithFreeEditionTest(SignUpPageTest.java:45)
	at sun.reflect.NativeMethodAccessorImpl.invoke0(Native Method)
	at sun.reflect.NativeMethodAccessorImpl.invoke(Unknown Source)
	at sun.reflect.DelegatingMethodAccessorImpl.invoke(Unknown Source)
	at java.lang.reflect.Method.invoke(Unknown Source)
	at org.testng.internal.MethodInvocationHelper.invokeMethod(MethodInvocationHelper.java:108)
	at org.testng.internal.Invoker.invokeMethod(Invoker.java:661)
	at org.testng.internal.Invoker.retryFailed(Invoker.java:1014)
	at org.testng.internal.Invoker.invokeTestMethods(Invoker.java:1215)
	at org.testng.internal.TestMethodWorker.invokeTestMethods(TestMethodWorker.java:126)
	at org.testng.internal.TestMethodWorker.run(TestMethodWorker.java:109)
	at org.testng.TestRunner.privateRun(TestRunner.java:744)
	at org.testng.TestRunner.run(TestRunner.java:602)
	at org.testng.SuiteRunner.runTest(SuiteRunner.java:380)
	at org.testng.SuiteRunner.runSequentially(SuiteRunner.java:375)
	at org.testng.SuiteRunner.privateRun(SuiteRunner.java:340)
	at org.testng.SuiteRunner.run(SuiteRunner.java:289)
	at org.testng.SuiteRunnerWorker.runSuite(SuiteRunnerWorker.java:52)
	at org.testng.SuiteRunnerWorker.run(SuiteRunnerWorker.java:86)
	at org.testng.TestNG.runSuitesSequentially(TestNG.java:1301)
	at org.testng.TestNG.runSuitesLocally(TestNG.java:1226)
	at org.testng.TestNG.runSuites(TestNG.java:1144)
	at org.testng.TestNG.run(TestNG.java:1115)
	at org.testng.remote.AbstractRemoteTestNG.run(AbstractRemoteTestNG.java:114)
	at org.testng.remote.RemoteTestNG.initAndRun(RemoteTestNG.java:251)
	at org.testng.remote.RemoteTestNG.main(RemoteTestNG.java:77)
]]>
            </full-stacktrace>
          </exception> <!-- org.openqa.selenium.NoSuchElementException -->
          <reporter-output>
            <line>
              <![CDATA[Sign up link is displayed]]>
            </line>
            <line>
              <![CDATA[Free Edition selected successfully in the Sign up page]]>
            </line>
            <line>
              <![CDATA[First Name entered successfully in the Sign up page]]>
            </line>
            <line>
              <![CDATA[Last Name entered successfully in the Sign up page]]>
            </line>
            <line>
              <![CDATA[Email entered successfully in the Sign up page]]>
            </line>
            <line>
              <![CDATA[Confirm Email entered successfully in the Sign up page]]>
            </line>
            <line>
              <![CDATA[First Name entered successfully in the Sign up page]]>
            </line>
            <line>
              <![CDATA[Password entered successfully in the Sign up page]]>
            </line>
            <line>
              <![CDATA[validateRegisterNewUserWithFreeEditionTest test method failed]]>
            </line>
          </reporter-output>
        </test-method> <!-- validateRegisterNewUserWithFreeEditionTest -->
        <test-method status="PASS" signature="tearDown()[pri:0, instance:com.qa.crm.tests.SignUpPageTest@d8355a8]" name="tearDown" is-config="true" duration-ms="1110" started-at="2019-09-11T17:12:59Z" finished-at="2019-09-11T17:13:00Z">
          <reporter-output>
            <line>
              <![CDATA[Closed the browser]]>
            </line>
          </reporter-output>
        </test-method> <!-- tearDown -->
      </class> <!-- com.qa.crm.tests.SignUpPageTest -->
    </test> <!-- CRMPROWebAppTest -->
  </suite> <!-- CRMPROWebAppAutomationSuite -->
</testng-results>
